{"name":"Setaddress","status":"failed","statusDetails":{"known":false,"muted":false,"flaky":false,"message":"ElementClickInterceptedException: element click intercepted: Element <h2>...</h2> is not clickable at point (628, 16). Other element would receive the click: <input placeholder=\"რას ეძებ?\" value=\"\">\n  (Session info: chrome=100.0.4896.60)\nBuild info: version: '3.141.59', revision: 'e82be7d358', time: '2018-11-14T08:17:03'\nSystem info: host: 'DESKTOP-SBHM82R', ip: '192.168.100.16', os.name: 'Windows 10', os.arch: 'amd64', os.version: '10.0', java.version: '16'\nDriver info: org.openqa.selenium.chrome.ChromeDriver\nCapabilities {acceptInsecureCerts: false, browserName: chrome, browserVersion: 100.0.4896.60, chrome: {chromedriverVersion: 100.0.4896.60 (6a5d10861ce8..., userDataDir: C:\\Users\\HP\\AppData\\Local\\T...}, goog:chromeOptions: {debuggerAddress: localhost:59355}, javascriptEnabled: true, networkConnectionEnabled: false, pageLoadStrategy: normal, platform: WINDOWS, platformName: WINDOWS, proxy: Proxy(), setWindowRect: true, strictFileInteractability: false, timeouts: {implicit: 0, pageLoad: 300000, script: 30000}, unhandledPromptBehavior: dismiss and notify, webauthn:extension:credBlob: true, webauthn:extension:largeBlob: true, webauthn:virtualAuthenticators: true}\nSession ID: b2241e428310f4cf28620320f64c0bbe","trace":"org.openqa.selenium.ElementClickInterceptedException: element click intercepted: Element <h2>...</h2> is not clickable at point (628, 16). Other element would receive the click: <input placeholder=\"რას ეძებ?\" value=\"\">\n  (Session info: chrome=100.0.4896.60)\nBuild info: version: '3.141.59', revision: 'e82be7d358', time: '2018-11-14T08:17:03'\nSystem info: host: 'DESKTOP-SBHM82R', ip: '192.168.100.16', os.name: 'Windows 10', os.arch: 'amd64', os.version: '10.0', java.version: '16'\nDriver info: org.openqa.selenium.chrome.ChromeDriver\nCapabilities {acceptInsecureCerts: false, browserName: chrome, browserVersion: 100.0.4896.60, chrome: {chromedriverVersion: 100.0.4896.60 (6a5d10861ce8..., userDataDir: C:\\Users\\HP\\AppData\\Local\\T...}, goog:chromeOptions: {debuggerAddress: localhost:59355}, javascriptEnabled: true, networkConnectionEnabled: false, pageLoadStrategy: normal, platform: WINDOWS, platformName: WINDOWS, proxy: Proxy(), setWindowRect: true, strictFileInteractability: false, timeouts: {implicit: 0, pageLoad: 300000, script: 30000}, unhandledPromptBehavior: dismiss and notify, webauthn:extension:credBlob: true, webauthn:extension:largeBlob: true, webauthn:virtualAuthenticators: true}\nSession ID: b2241e428310f4cf28620320f64c0bbe\nScreenshot: file:/D:/Veli.store/build/reports/tests/1649072071106.0.png\nPage source: file:/D:/Veli.store/build/reports/tests/1649072071106.0.html\nTimeout: 4 s.\nCaused by: ElementClickInterceptedException: element click intercepted: Element <h2>...</h2> is not clickable at point (628, 16). Other element would receive the click: <input placeholder=\"რას ეძებ?\" value=\"\">\r\n\tat com.codeborne.selenide.impl.SelenideElementProxy.dispatchAndRetry(SelenideElementProxy.java:125)\r\n\tat com.codeborne.selenide.impl.SelenideElementProxy.invoke(SelenideElementProxy.java:65)\r\n\tat jdk.proxy2/jdk.proxy2.$Proxy15.click(Unknown Source)\r\n\tat Veli.Store.StepObject.step_two.Click_AddresBtn(step_two.java:889)\r\n\tat Myaccount_address.Setaddress(Myaccount_address.java:149)\r\n\tat java.base/jdk.internal.reflect.NativeMethodAccessorImpl.invoke0(Native Method)\r\n\tat java.base/jdk.internal.reflect.NativeMethodAccessorImpl.invoke(NativeMethodAccessorImpl.java:78)\r\n\tat java.base/jdk.internal.reflect.DelegatingMethodAccessorImpl.invoke(DelegatingMethodAccessorImpl.java:43)\r\n\tat java.base/java.lang.reflect.Method.invoke(Method.java:567)\r\n\tat org.testng.internal.MethodInvocationHelper.invokeMethod(MethodInvocationHelper.java:124)\r\n\tat org.testng.internal.Invoker.invokeMethod(Invoker.java:583)\r\n\tat org.testng.internal.Invoker.invokeTestMethod(Invoker.java:719)\r\n\tat org.testng.internal.Invoker.invokeTestMethods(Invoker.java:989)\r\n\tat org.testng.internal.TestMethodWorker.invokeTestMethods(TestMethodWorker.java:125)\r\n\tat org.testng.internal.TestMethodWorker.run(TestMethodWorker.java:109)\r\n\tat org.testng.TestRunner.privateRun(TestRunner.java:648)\r\n\tat org.testng.TestRunner.run(TestRunner.java:505)\r\n\tat org.testng.SuiteRunner.runTest(SuiteRunner.java:455)\r\n\tat org.testng.SuiteRunner.runSequentially(SuiteRunner.java:450)\r\n\tat org.testng.SuiteRunner.privateRun(SuiteRunner.java:415)\r\n\tat org.testng.SuiteRunner.run(SuiteRunner.java:364)\r\n\tat org.testng.SuiteRunnerWorker.runSuite(SuiteRunnerWorker.java:52)\r\n\tat org.testng.SuiteRunnerWorker.run(SuiteRunnerWorker.java:84)\r\n\tat org.testng.TestNG.runSuitesSequentially(TestNG.java:1208)\r\n\tat org.testng.TestNG.runSuitesLocally(TestNG.java:1137)\r\n\tat org.testng.TestNG.runSuites(TestNG.java:1049)\r\n\tat org.testng.TestNG.run(TestNG.java:1017)\r\n\tat com.intellij.rt.testng.IDEARemoteTestNG.run(IDEARemoteTestNG.java:66)\r\n\tat com.intellij.rt.testng.RemoteTestNGStarter.main(RemoteTestNGStarter.java:109)\r\nCaused by: org.openqa.selenium.ElementClickInterceptedException: element click intercepted: Element <h2>...</h2> is not clickable at point (628, 16). Other element would receive the click: <input placeholder=\"რას ეძებ?\" value=\"\">\n  (Session info: chrome=100.0.4896.60)\nBuild info: version: '3.141.59', revision: 'e82be7d358', time: '2018-11-14T08:17:03'\nSystem info: host: 'DESKTOP-SBHM82R', ip: '192.168.100.16', os.name: 'Windows 10', os.arch: 'amd64', os.version: '10.0', java.version: '16'\nDriver info: org.openqa.selenium.chrome.ChromeDriver\nCapabilities {acceptInsecureCerts: false, browserName: chrome, browserVersion: 100.0.4896.60, chrome: {chromedriverVersion: 100.0.4896.60 (6a5d10861ce8..., userDataDir: C:\\Users\\HP\\AppData\\Local\\T...}, goog:chromeOptions: {debuggerAddress: localhost:59355}, javascriptEnabled: true, networkConnectionEnabled: false, pageLoadStrategy: normal, platform: WINDOWS, platformName: WINDOWS, proxy: Proxy(), setWindowRect: true, strictFileInteractability: false, timeouts: {implicit: 0, pageLoad: 300000, script: 30000}, unhandledPromptBehavior: dismiss and notify, webauthn:extension:credBlob: true, webauthn:extension:largeBlob: true, webauthn:virtualAuthenticators: true}\nSession ID: b2241e428310f4cf28620320f64c0bbe\r\n\tat java.base/jdk.internal.reflect.NativeConstructorAccessorImpl.newInstance0(Native Method)\r\n\tat java.base/jdk.internal.reflect.NativeConstructorAccessorImpl.newInstance(NativeConstructorAccessorImpl.java:78)\r\n\tat java.base/jdk.internal.reflect.DelegatingConstructorAccessorImpl.newInstance(DelegatingConstructorAccessorImpl.java:45)\r\n\tat java.base/java.lang.reflect.Constructor.newInstanceWithCaller(Constructor.java:499)\r\n\tat java.base/java.lang.reflect.Constructor.newInstance(Constructor.java:480)\r\n\tat org.openqa.selenium.remote.http.W3CHttpResponseCodec.createException(W3CHttpResponseCodec.java:187)\r\n\tat org.openqa.selenium.remote.http.W3CHttpResponseCodec.decode(W3CHttpResponseCodec.java:122)\r\n\tat org.openqa.selenium.remote.http.W3CHttpResponseCodec.decode(W3CHttpResponseCodec.java:49)\r\n\tat org.openqa.selenium.remote.HttpCommandExecutor.execute(HttpCommandExecutor.java:158)\r\n\tat org.openqa.selenium.remote.service.DriverCommandExecutor.execute(DriverCommandExecutor.java:83)\r\n\tat org.openqa.selenium.remote.RemoteWebDriver.execute(RemoteWebDriver.java:552)\r\n\tat org.openqa.selenium.remote.RemoteWebElement.execute(RemoteWebElement.java:285)\r\n\tat org.openqa.selenium.remote.RemoteWebElement.click(RemoteWebElement.java:84)\r\n\tat com.codeborne.selenide.commands.Click.click(Click.java:26)\r\n\tat com.codeborne.selenide.commands.Click.execute(Click.java:13)\r\n\tat com.codeborne.selenide.commands.Click.execute(Click.java:9)\r\n\tat com.codeborne.selenide.commands.Commands.execute(Commands.java:144)\r\n\tat com.codeborne.selenide.impl.SelenideElementProxy.dispatchAndRetry(SelenideElementProxy.java:99)\r\n\t... 28 more\r\n"},"stage":"finished","description":"Check the delete Address detail test description","steps":[{"name":"Cookie","status":"passed","stage":"finished","steps":[],"attachments":[],"parameters":[],"start":1649072049979,"stop":1649072050100},{"name":"Terms of use","status":"passed","stage":"finished","steps":[],"attachments":[],"parameters":[],"start":1649072050101,"stop":1649072050145},{"name":"accept","status":"passed","stage":"finished","steps":[],"attachments":[],"parameters":[],"start":1649072050145,"stop":1649072050269},{"name":"login steps","status":"passed","stage":"finished","steps":[{"name":"Enter the account","status":"passed","stage":"finished","steps":[],"attachments":[],"parameters":[],"start":1649072050270,"stop":1649072058569},{"name":"Log in title   ","status":"passed","stage":"finished","steps":[],"attachments":[],"parameters":[],"start":1649072058570,"stop":1649072058800},{"name":"Check avtorization visibility","status":"passed","stage":"finished","steps":[],"attachments":[],"parameters":[],"start":1649072058801,"stop":1649072058847},{"name":"Check registration visibility","status":"passed","stage":"finished","steps":[],"attachments":[],"parameters":[],"start":1649072058848,"stop":1649072058895},{"name":"Log in email","status":"passed","stage":"finished","steps":[],"attachments":[],"parameters":[{"name":"Some_mail","value":"ananikol27@gmail.com"}],"start":1649072058896,"stop":1649072063137},{"name":"Log in password ","status":"passed","stage":"finished","steps":[],"attachments":[],"parameters":[{"name":"Some_pass","value":"veli-2022"}],"start":1649072063137,"stop":1649072063345},{"name":"check forget password visibility","status":"passed","stage":"finished","steps":[],"attachments":[],"parameters":[],"start":1649072063345,"stop":1649072063384},{"name":"Enter","status":"passed","stage":"finished","steps":[],"attachments":[],"parameters":[],"start":1649072063384,"stop":1649072063515}],"attachments":[],"parameters":[],"start":1649072050269,"stop":1649072063515},{"name":"My veli","status":"passed","stage":"finished","steps":[],"attachments":[],"parameters":[],"start":1649072063515,"stop":1649072064821},{"name":"Check addresses visibility","status":"passed","stage":"finished","steps":[],"attachments":[],"parameters":[],"start":1649072064822,"stop":1649072065370},{"name":"Check addresses visibility","status":"passed","stage":"finished","steps":[],"attachments":[],"parameters":[],"start":1649072065370,"stop":1649072065404},{"name":"SCroll","status":"passed","stage":"finished","steps":[],"attachments":[],"parameters":[{"name":"top","value":"true"}],"start":1649072065408,"stop":1649072065819},{"name":"Click Add Address button","status":"passed","stage":"finished","steps":[],"attachments":[],"parameters":[],"start":1649072065819,"stop":1649072066216},{"name":"Add Address button","status":"passed","stage":"finished","steps":[],"attachments":[],"parameters":[],"start":1649072066216,"stop":1649072066246},{"name":"Name input","status":"passed","stage":"finished","steps":[],"attachments":[],"parameters":[{"name":"some_name","value":"მარჯანიშვილის 61"}],"start":1649072066246,"stop":1649072066729},{"name":"Some input","status":"passed","stage":"finished","steps":[],"attachments":[],"parameters":[{"name":"some_input","value":"თბილისი"}],"start":1649072066729,"stop":1649072066963},{"name":"SCroll","status":"passed","stage":"finished","steps":[],"attachments":[],"parameters":[{"name":"top","value":"true"}],"start":1649072066964,"stop":1649072067017},{"name":"Click Add Address button","status":"failed","statusDetails":{"known":false,"muted":false,"flaky":false,"message":"ElementClickInterceptedException: element click intercepted: Element <h2>...</h2> is not clickable at point (628, 16). Other element would receive the click: <input placeholder=\"რას ეძებ?\" value=\"\">\n  (Session info: chrome=100.0.4896.60)\nBuild info: version: '3.141.59', revision: 'e82be7d358', time: '2018-11-14T08:17:03'\nSystem info: host: 'DESKTOP-SBHM82R', ip: '192.168.100.16', os.name: 'Windows 10', os.arch: 'amd64', os.version: '10.0', java.version: '16'\nDriver info: org.openqa.selenium.chrome.ChromeDriver\nCapabilities {acceptInsecureCerts: false, browserName: chrome, browserVersion: 100.0.4896.60, chrome: {chromedriverVersion: 100.0.4896.60 (6a5d10861ce8..., userDataDir: C:\\Users\\HP\\AppData\\Local\\T...}, goog:chromeOptions: {debuggerAddress: localhost:59355}, javascriptEnabled: true, networkConnectionEnabled: false, pageLoadStrategy: normal, platform: WINDOWS, platformName: WINDOWS, proxy: Proxy(), setWindowRect: true, strictFileInteractability: false, timeouts: {implicit: 0, pageLoad: 300000, script: 30000}, unhandledPromptBehavior: dismiss and notify, webauthn:extension:credBlob: true, webauthn:extension:largeBlob: true, webauthn:virtualAuthenticators: true}\nSession ID: b2241e428310f4cf28620320f64c0bbe","trace":"org.openqa.selenium.ElementClickInterceptedException: element click intercepted: Element <h2>...</h2> is not clickable at point (628, 16). Other element would receive the click: <input placeholder=\"რას ეძებ?\" value=\"\">\n  (Session info: chrome=100.0.4896.60)\nBuild info: version: '3.141.59', revision: 'e82be7d358', time: '2018-11-14T08:17:03'\nSystem info: host: 'DESKTOP-SBHM82R', ip: '192.168.100.16', os.name: 'Windows 10', os.arch: 'amd64', os.version: '10.0', java.version: '16'\nDriver info: org.openqa.selenium.chrome.ChromeDriver\nCapabilities {acceptInsecureCerts: false, browserName: chrome, browserVersion: 100.0.4896.60, chrome: {chromedriverVersion: 100.0.4896.60 (6a5d10861ce8..., userDataDir: C:\\Users\\HP\\AppData\\Local\\T...}, goog:chromeOptions: {debuggerAddress: localhost:59355}, javascriptEnabled: true, networkConnectionEnabled: false, pageLoadStrategy: normal, platform: WINDOWS, platformName: WINDOWS, proxy: Proxy(), setWindowRect: true, strictFileInteractability: false, timeouts: {implicit: 0, pageLoad: 300000, script: 30000}, unhandledPromptBehavior: dismiss and notify, webauthn:extension:credBlob: true, webauthn:extension:largeBlob: true, webauthn:virtualAuthenticators: true}\nSession ID: b2241e428310f4cf28620320f64c0bbe\nScreenshot: file:/D:/Veli.store/build/reports/tests/1649072071106.0.png\nPage source: file:/D:/Veli.store/build/reports/tests/1649072071106.0.html\nTimeout: 4 s.\nCaused by: ElementClickInterceptedException: element click intercepted: Element <h2>...</h2> is not clickable at point (628, 16). Other element would receive the click: <input placeholder=\"რას ეძებ?\" value=\"\">\r\n\tat com.codeborne.selenide.impl.SelenideElementProxy.dispatchAndRetry(SelenideElementProxy.java:125)\r\n\tat com.codeborne.selenide.impl.SelenideElementProxy.invoke(SelenideElementProxy.java:65)\r\n\tat jdk.proxy2/jdk.proxy2.$Proxy15.click(Unknown Source)\r\n\tat Veli.Store.StepObject.step_two.Click_AddresBtn(step_two.java:889)\r\n\tat Myaccount_address.Setaddress(Myaccount_address.java:149)\r\n\tat java.base/jdk.internal.reflect.NativeMethodAccessorImpl.invoke0(Native Method)\r\n\tat java.base/jdk.internal.reflect.NativeMethodAccessorImpl.invoke(NativeMethodAccessorImpl.java:78)\r\n\tat java.base/jdk.internal.reflect.DelegatingMethodAccessorImpl.invoke(DelegatingMethodAccessorImpl.java:43)\r\n\tat java.base/java.lang.reflect.Method.invoke(Method.java:567)\r\n\tat org.testng.internal.MethodInvocationHelper.invokeMethod(MethodInvocationHelper.java:124)\r\n\tat org.testng.internal.Invoker.invokeMethod(Invoker.java:583)\r\n\tat org.testng.internal.Invoker.invokeTestMethod(Invoker.java:719)\r\n\tat org.testng.internal.Invoker.invokeTestMethods(Invoker.java:989)\r\n\tat org.testng.internal.TestMethodWorker.invokeTestMethods(TestMethodWorker.java:125)\r\n\tat org.testng.internal.TestMethodWorker.run(TestMethodWorker.java:109)\r\n\tat org.testng.TestRunner.privateRun(TestRunner.java:648)\r\n\tat org.testng.TestRunner.run(TestRunner.java:505)\r\n\tat org.testng.SuiteRunner.runTest(SuiteRunner.java:455)\r\n\tat org.testng.SuiteRunner.runSequentially(SuiteRunner.java:450)\r\n\tat org.testng.SuiteRunner.privateRun(SuiteRunner.java:415)\r\n\tat org.testng.SuiteRunner.run(SuiteRunner.java:364)\r\n\tat org.testng.SuiteRunnerWorker.runSuite(SuiteRunnerWorker.java:52)\r\n\tat org.testng.SuiteRunnerWorker.run(SuiteRunnerWorker.java:84)\r\n\tat org.testng.TestNG.runSuitesSequentially(TestNG.java:1208)\r\n\tat org.testng.TestNG.runSuitesLocally(TestNG.java:1137)\r\n\tat org.testng.TestNG.runSuites(TestNG.java:1049)\r\n\tat org.testng.TestNG.run(TestNG.java:1017)\r\n\tat com.intellij.rt.testng.IDEARemoteTestNG.run(IDEARemoteTestNG.java:66)\r\n\tat com.intellij.rt.testng.RemoteTestNGStarter.main(RemoteTestNGStarter.java:109)\r\nCaused by: org.openqa.selenium.ElementClickInterceptedException: element click intercepted: Element <h2>...</h2> is not clickable at point (628, 16). Other element would receive the click: <input placeholder=\"რას ეძებ?\" value=\"\">\n  (Session info: chrome=100.0.4896.60)\nBuild info: version: '3.141.59', revision: 'e82be7d358', time: '2018-11-14T08:17:03'\nSystem info: host: 'DESKTOP-SBHM82R', ip: '192.168.100.16', os.name: 'Windows 10', os.arch: 'amd64', os.version: '10.0', java.version: '16'\nDriver info: org.openqa.selenium.chrome.ChromeDriver\nCapabilities {acceptInsecureCerts: false, browserName: chrome, browserVersion: 100.0.4896.60, chrome: {chromedriverVersion: 100.0.4896.60 (6a5d10861ce8..., userDataDir: C:\\Users\\HP\\AppData\\Local\\T...}, goog:chromeOptions: {debuggerAddress: localhost:59355}, javascriptEnabled: true, networkConnectionEnabled: false, pageLoadStrategy: normal, platform: WINDOWS, platformName: WINDOWS, proxy: Proxy(), setWindowRect: true, strictFileInteractability: false, timeouts: {implicit: 0, pageLoad: 300000, script: 30000}, unhandledPromptBehavior: dismiss and notify, webauthn:extension:credBlob: true, webauthn:extension:largeBlob: true, webauthn:virtualAuthenticators: true}\nSession ID: b2241e428310f4cf28620320f64c0bbe\r\n\tat java.base/jdk.internal.reflect.NativeConstructorAccessorImpl.newInstance0(Native Method)\r\n\tat java.base/jdk.internal.reflect.NativeConstructorAccessorImpl.newInstance(NativeConstructorAccessorImpl.java:78)\r\n\tat java.base/jdk.internal.reflect.DelegatingConstructorAccessorImpl.newInstance(DelegatingConstructorAccessorImpl.java:45)\r\n\tat java.base/java.lang.reflect.Constructor.newInstanceWithCaller(Constructor.java:499)\r\n\tat java.base/java.lang.reflect.Constructor.newInstance(Constructor.java:480)\r\n\tat org.openqa.selenium.remote.http.W3CHttpResponseCodec.createException(W3CHttpResponseCodec.java:187)\r\n\tat org.openqa.selenium.remote.http.W3CHttpResponseCodec.decode(W3CHttpResponseCodec.java:122)\r\n\tat org.openqa.selenium.remote.http.W3CHttpResponseCodec.decode(W3CHttpResponseCodec.java:49)\r\n\tat org.openqa.selenium.remote.HttpCommandExecutor.execute(HttpCommandExecutor.java:158)\r\n\tat org.openqa.selenium.remote.service.DriverCommandExecutor.execute(DriverCommandExecutor.java:83)\r\n\tat org.openqa.selenium.remote.RemoteWebDriver.execute(RemoteWebDriver.java:552)\r\n\tat org.openqa.selenium.remote.RemoteWebElement.execute(RemoteWebElement.java:285)\r\n\tat org.openqa.selenium.remote.RemoteWebElement.click(RemoteWebElement.java:84)\r\n\tat com.codeborne.selenide.commands.Click.click(Click.java:26)\r\n\tat com.codeborne.selenide.commands.Click.execute(Click.java:13)\r\n\tat com.codeborne.selenide.commands.Click.execute(Click.java:9)\r\n\tat com.codeborne.selenide.commands.Commands.execute(Commands.java:144)\r\n\tat com.codeborne.selenide.impl.SelenideElementProxy.dispatchAndRetry(SelenideElementProxy.java:99)\r\n\t... 28 more\r\n"},"stage":"finished","steps":[],"attachments":[],"parameters":[],"start":1649072067017,"stop":1649072071449}],"attachments":[],"parameters":[],"start":1649072049569,"stop":1649072071459,"uuid":"204bd920-5c3f-47bb-a532-16e89ad22f3a","historyId":"bfa887ae1d0d85f322c40ceffed41098","fullName":"Myaccount_address.Setaddress","labels":[{"name":"package","value":"Myaccount_address"},{"name":"testClass","value":"Myaccount_address"},{"name":"testMethod","value":"Setaddress"},{"name":"parentSuite","value":"Default Suite"},{"name":"suite","value":"Veli.store"},{"name":"subSuite","value":"Myaccount_address"},{"name":"host","value":"DESKTOP-SBHM82R"},{"name":"thread","value":"21796@DESKTOP-SBHM82R.main(1)"},{"name":"framework","value":"testng"},{"name":"language","value":"java"},{"name":"severity","value":"critical"}],"links":[]}