{"name":"BuySomeProducts","status":"failed","statusDetails":{"known":false,"muted":false,"flaky":false,"message":"Element not found {By.xpath: //*[@id=\"payment-submit\"]}\nExpected: visible","trace":"Element not found {By.xpath: //*[@id=\"payment-submit\"]}\nExpected: visible\nScreenshot: file:/D:/Veli.store/build/reports/tests/1659959230980.0.png\nPage source: file:/D:/Veli.store/build/reports/tests/1659959230980.0.html\nTimeout: 8 s.\nCaused by: NoSuchElementException: no such element: Unable to locate element: {\"method\":\"xpath\",\"selector\":\"//*[@id=\"payment-submit\"]\"}\r\n\tat com.codeborne.selenide.impl.WebElementSource.createElementNotFoundError(WebElementSource.java:37)\r\n\tat com.codeborne.selenide.impl.ElementFinder.createElementNotFoundError(ElementFinder.java:100)\r\n\tat com.codeborne.selenide.impl.WebElementSource.checkCondition(WebElementSource.java:65)\r\n\tat com.codeborne.selenide.commands.Should.should(Should.java:35)\r\n\tat com.codeborne.selenide.commands.Should.execute(Should.java:29)\r\n\tat com.codeborne.selenide.commands.Should.execute(Should.java:12)\r\n\tat com.codeborne.selenide.commands.Commands.execute(Commands.java:144)\r\n\tat com.codeborne.selenide.impl.SelenideElementProxy.dispatchAndRetry(SelenideElementProxy.java:99)\r\n\tat com.codeborne.selenide.impl.SelenideElementProxy.invoke(SelenideElementProxy.java:65)\r\n\tat jdk.proxy2/jdk.proxy2.$Proxy15.waitUntil(Unknown Source)\r\n\tat Veli.Store.StepObject.step_two.Click_pay(step_two.java:655)\r\n\tat BywithLogin.BuySomeProducts(BywithLogin.java:64)\r\n\tat java.base/jdk.internal.reflect.NativeMethodAccessorImpl.invoke0(Native Method)\r\n\tat java.base/jdk.internal.reflect.NativeMethodAccessorImpl.invoke(NativeMethodAccessorImpl.java:78)\r\n\tat java.base/jdk.internal.reflect.DelegatingMethodAccessorImpl.invoke(DelegatingMethodAccessorImpl.java:43)\r\n\tat java.base/java.lang.reflect.Method.invoke(Method.java:567)\r\n\tat org.testng.internal.MethodInvocationHelper.invokeMethod(MethodInvocationHelper.java:124)\r\n\tat org.testng.internal.Invoker.invokeMethod(Invoker.java:583)\r\n\tat org.testng.internal.Invoker.invokeTestMethod(Invoker.java:719)\r\n\tat org.testng.internal.Invoker.invokeTestMethods(Invoker.java:989)\r\n\tat org.testng.internal.TestMethodWorker.invokeTestMethods(TestMethodWorker.java:125)\r\n\tat org.testng.internal.TestMethodWorker.run(TestMethodWorker.java:109)\r\n\tat org.testng.TestRunner.privateRun(TestRunner.java:648)\r\n\tat org.testng.TestRunner.run(TestRunner.java:505)\r\n\tat org.testng.SuiteRunner.runTest(SuiteRunner.java:455)\r\n\tat org.testng.SuiteRunner.runSequentially(SuiteRunner.java:450)\r\n\tat org.testng.SuiteRunner.privateRun(SuiteRunner.java:415)\r\n\tat org.testng.SuiteRunner.run(SuiteRunner.java:364)\r\n\tat org.testng.SuiteRunnerWorker.runSuite(SuiteRunnerWorker.java:52)\r\n\tat org.testng.SuiteRunnerWorker.run(SuiteRunnerWorker.java:84)\r\n\tat org.testng.TestNG.runSuitesSequentially(TestNG.java:1208)\r\n\tat org.testng.TestNG.runSuitesLocally(TestNG.java:1137)\r\n\tat org.testng.TestNG.runSuites(TestNG.java:1049)\r\n\tat org.testng.TestNG.run(TestNG.java:1017)\r\n\tat com.intellij.rt.testng.IDEARemoteTestNG.run(IDEARemoteTestNG.java:66)\r\n\tat com.intellij.rt.testng.RemoteTestNGStarter.main(RemoteTestNGStarter.java:109)\r\nCaused by: org.openqa.selenium.NoSuchElementException: no such element: Unable to locate element: {\"method\":\"xpath\",\"selector\":\"//*[@id=\"payment-submit\"]\"}\n  (Session info: chrome=104.0.5112.79)\nFor documentation on this error, please visit: https://www.seleniumhq.org/exceptions/no_such_element.html\nBuild info: version: '3.141.59', revision: 'e82be7d358', time: '2018-11-14T08:17:03'\nSystem info: host: 'DESKTOP-SBHM82R', ip: '192.168.100.26', os.name: 'Windows 10', os.arch: 'amd64', os.version: '10.0', java.version: '16'\nDriver info: org.openqa.selenium.chrome.ChromeDriver\nCapabilities {acceptInsecureCerts: false, browserName: chrome, browserVersion: 104.0.5112.79, chrome: {chromedriverVersion: 103.0.5060.53 (a1711811edd7..., userDataDir: C:\\Users\\HP\\AppData\\Local\\T...}, goog:chromeOptions: {debuggerAddress: localhost:65228}, javascriptEnabled: true, networkConnectionEnabled: false, pageLoadStrategy: normal, platform: WINDOWS, platformName: WINDOWS, proxy: Proxy(), setWindowRect: true, strictFileInteractability: false, timeouts: {implicit: 0, pageLoad: 300000, script: 30000}, unhandledPromptBehavior: dismiss and notify, webauthn:extension:credBlob: true, webauthn:extension:largeBlob: true, webauthn:virtualAuthenticators: true}\nSession ID: cf15bda8dcb861c1228fc002ca545020\n*** Element info: {Using=xpath, value=//*[@id=\"payment-submit\"]}\r\n\tat jdk.internal.reflect.GeneratedConstructorAccessor11.newInstance(Unknown Source)\r\n\tat java.base/jdk.internal.reflect.DelegatingConstructorAccessorImpl.newInstance(DelegatingConstructorAccessorImpl.java:45)\r\n\tat java.base/java.lang.reflect.Constructor.newInstanceWithCaller(Constructor.java:499)\r\n\tat java.base/java.lang.reflect.Constructor.newInstance(Constructor.java:480)\r\n\tat org.openqa.selenium.remote.http.W3CHttpResponseCodec.createException(W3CHttpResponseCodec.java:187)\r\n\tat org.openqa.selenium.remote.http.W3CHttpResponseCodec.decode(W3CHttpResponseCodec.java:122)\r\n\tat org.openqa.selenium.remote.http.W3CHttpResponseCodec.decode(W3CHttpResponseCodec.java:49)\r\n\tat org.openqa.selenium.remote.HttpCommandExecutor.execute(HttpCommandExecutor.java:158)\r\n\tat org.openqa.selenium.remote.service.DriverCommandExecutor.execute(DriverCommandExecutor.java:83)\r\n\tat org.openqa.selenium.remote.RemoteWebDriver.execute(RemoteWebDriver.java:552)\r\n\tat org.openqa.selenium.remote.RemoteWebDriver.findElement(RemoteWebDriver.java:323)\r\n\tat org.openqa.selenium.remote.RemoteWebDriver.findElementByXPath(RemoteWebDriver.java:428)\r\n\tat org.openqa.selenium.By$ByXPath.findElement(By.java:353)\r\n\tat org.openqa.selenium.remote.RemoteWebDriver.findElement(RemoteWebDriver.java:315)\r\n\tat com.codeborne.selenide.impl.WebElementSelector.findElement(WebElementSelector.java:28)\r\n\tat com.codeborne.selenide.impl.ElementFinder.getWebElement(ElementFinder.java:74)\r\n\tat com.codeborne.selenide.impl.WebElementSource.checkCondition(WebElementSource.java:50)\r\n\t... 33 more\r\n"},"stage":"finished","description":"buy detail test description","steps":[{"name":"Cookie","status":"passed","stage":"finished","steps":[],"attachments":[],"parameters":[],"start":1659959182296,"stop":1659959182374},{"name":"Terms of use","status":"passed","stage":"finished","steps":[],"attachments":[],"parameters":[],"start":1659959182374,"stop":1659959182431},{"name":"accept","status":"passed","stage":"finished","steps":[],"attachments":[],"parameters":[],"start":1659959182432,"stop":1659959182584},{"name":"login steps","status":"passed","stage":"finished","steps":[{"name":"Enter the account","status":"passed","stage":"finished","steps":[],"attachments":[],"parameters":[],"start":1659959182585,"stop":1659959191543},{"name":"Log in title   ","status":"passed","stage":"finished","steps":[],"attachments":[],"parameters":[],"start":1659959191543,"stop":1659959191611},{"name":"Check avtorization visibility","status":"passed","stage":"finished","steps":[],"attachments":[],"parameters":[],"start":1659959191611,"stop":1659959191666},{"name":"Check registration visibility","status":"passed","stage":"finished","steps":[],"attachments":[],"parameters":[],"start":1659959191666,"stop":1659959191707},{"name":"Log in email","status":"passed","stage":"finished","steps":[],"attachments":[],"parameters":[{"name":"Some_mail","value":"testtwo@veli.store"}],"start":1659959191708,"stop":1659959195926},{"name":"Log in password ","status":"passed","stage":"finished","steps":[],"attachments":[],"parameters":[{"name":"Some_pass","value":"veli-2022"}],"start":1659959195927,"stop":1659959196104},{"name":"check forget password visibility","status":"passed","stage":"finished","steps":[],"attachments":[],"parameters":[],"start":1659959196105,"stop":1659959196145},{"name":"Enter","status":"passed","stage":"finished","steps":[],"attachments":[],"parameters":[],"start":1659959196145,"stop":1659959196279}],"attachments":[],"parameters":[],"start":1659959182584,"stop":1659959196279},{"name":"Search","status":"passed","stage":"finished","steps":[],"attachments":[],"parameters":[{"name":"some_thing","value":"taidi"}],"start":1659959196279,"stop":1659959197841},{"name":"click product with link texts","status":"passed","stage":"finished","steps":[],"attachments":[],"parameters":[],"start":1659959197841,"stop":1659959201344},{"name":"Check price visibility","status":"passed","stage":"finished","steps":[],"attachments":[],"parameters":[],"start":1659959201345,"stop":1659959201376},{"name":"Click Buy button","status":"passed","stage":"finished","steps":[],"attachments":[],"parameters":[],"start":1659959201378,"stop":1659959202169},{"name":"Name and last name  input ","status":"passed","stage":"finished","steps":[],"attachments":[],"parameters":[],"start":1659959204472,"stop":1659959204504},{"name":"Email input ","status":"passed","stage":"finished","steps":[],"attachments":[],"parameters":[],"start":1659959204505,"stop":1659959204561},{"name":"Number input ","status":"passed","stage":"finished","steps":[],"attachments":[],"parameters":[],"start":1659959204561,"stop":1659959204586},{"name":"Cart Content product  sale, deliver fee , total cost","status":"passed","stage":"finished","steps":[{"name":"Cart title visebility","status":"passed","stage":"finished","steps":[],"attachments":[],"parameters":[],"start":1659959204586,"stop":1659959204624},{"name":"Enter Promo Code","status":"passed","stage":"finished","steps":[],"attachments":[],"parameters":[],"start":1659959204625,"stop":1659959204663},{"name":"Check cart product visibility","status":"passed","stage":"finished","steps":[],"attachments":[],"parameters":[],"start":1659959204663,"stop":1659959204699},{"name":"Check cart product visibility","status":"passed","stage":"finished","steps":[],"attachments":[],"parameters":[],"start":1659959204699,"stop":1659959204737},{"name":"Product Sale","status":"passed","stage":"finished","steps":[],"attachments":[],"parameters":[],"start":1659959204737,"stop":1659959204778},{"name":"total cost","status":"passed","stage":"finished","steps":[],"attachments":[],"parameters":[],"start":1659959204778,"stop":1659959204813},{"name":"Safe methods title","status":"passed","stage":"finished","steps":[],"attachments":[],"parameters":[],"start":1659959204813,"stop":1659959204847}],"attachments":[],"parameters":[],"start":1659959204586,"stop":1659959204847},{"name":"Click continue button","status":"passed","stage":"finished","steps":[],"attachments":[],"parameters":[],"start":1659959204848,"stop":1659959213043},{"name":"Check free delivery visibility","status":"passed","stage":"finished","steps":[],"attachments":[],"parameters":[],"start":1659959213043,"stop":1659959213133},{"name":"Cart Content product  sale, deliver fee , total cost","status":"passed","stage":"finished","steps":[{"name":"Cart title visebility","status":"passed","stage":"finished","steps":[],"attachments":[],"parameters":[],"start":1659959213133,"stop":1659959213169},{"name":"Enter Promo Code","status":"passed","stage":"finished","steps":[],"attachments":[],"parameters":[],"start":1659959213169,"stop":1659959213195},{"name":"Check cart product visibility","status":"passed","stage":"finished","steps":[],"attachments":[],"parameters":[],"start":1659959213195,"stop":1659959213221},{"name":"Check cart product visibility","status":"passed","stage":"finished","steps":[],"attachments":[],"parameters":[],"start":1659959213221,"stop":1659959213242},{"name":"Product Sale","status":"passed","stage":"finished","steps":[],"attachments":[],"parameters":[],"start":1659959213242,"stop":1659959213267},{"name":"total cost","status":"passed","stage":"finished","steps":[],"attachments":[],"parameters":[],"start":1659959213267,"stop":1659959213297},{"name":"Safe methods title","status":"passed","stage":"finished","steps":[],"attachments":[],"parameters":[],"start":1659959213297,"stop":1659959213350}],"attachments":[],"parameters":[],"start":1659959213133,"stop":1659959213350},{"name":"Click addres","status":"passed","stage":"finished","steps":[],"attachments":[],"parameters":[],"start":1659959213350,"stop":1659959213428},{"name":"Cart Content product  sale, deliver fee , total cost","status":"passed","stage":"finished","steps":[{"name":"Cart title visebility","status":"passed","stage":"finished","steps":[],"attachments":[],"parameters":[],"start":1659959213429,"stop":1659959213452},{"name":"Enter Promo Code","status":"passed","stage":"finished","steps":[],"attachments":[],"parameters":[],"start":1659959213452,"stop":1659959213480},{"name":"Check cart product visibility","status":"passed","stage":"finished","steps":[],"attachments":[],"parameters":[],"start":1659959213480,"stop":1659959213522},{"name":"Check cart product visibility","status":"passed","stage":"finished","steps":[],"attachments":[],"parameters":[],"start":1659959213522,"stop":1659959213558},{"name":"Product Sale","status":"passed","stage":"finished","steps":[],"attachments":[],"parameters":[],"start":1659959213558,"stop":1659959213603},{"name":"total cost","status":"passed","stage":"finished","steps":[],"attachments":[],"parameters":[],"start":1659959213603,"stop":1659959213638},{"name":"Safe methods title","status":"passed","stage":"finished","steps":[],"attachments":[],"parameters":[],"start":1659959213638,"stop":1659959213671}],"attachments":[],"parameters":[],"start":1659959213429,"stop":1659959213671},{"name":"Select the  address","status":"passed","stage":"finished","steps":[],"attachments":[],"parameters":[],"start":1659959213671,"stop":1659959213785},{"name":"Select delivery time ","status":"passed","stage":"finished","steps":[],"attachments":[],"parameters":[],"start":1659959213820,"stop":1659959213869},{"name":"Select delivery time ","status":"passed","stage":"finished","steps":[],"attachments":[],"parameters":[],"start":1659959213869,"stop":1659959213903},{"name":"Click continue button","status":"passed","stage":"finished","steps":[],"attachments":[],"parameters":[{"name":"top","value":"false"}],"start":1659959213906,"stop":1659959214035},{"name":"Leave the order at the door","status":"passed","stage":"finished","steps":[],"attachments":[],"parameters":[],"start":1659959214035,"stop":1659959214168},{"name":"Dont ring the bell ","status":"passed","stage":"finished","steps":[],"attachments":[],"parameters":[],"start":1659959214168,"stop":1659959214264},{"name":"Enter next btn","status":"passed","stage":"finished","steps":[],"attachments":[],"parameters":[],"start":1659959214264,"stop":1659959214424},{"name":"Check pay visibility","status":"passed","stage":"finished","steps":[],"attachments":[],"parameters":[],"start":1659959214425,"stop":1659959214468},{"name":"Check recepient visibility","status":"passed","stage":"finished","steps":[],"attachments":[],"parameters":[],"start":1659959214469,"stop":1659959214501},{"name":"Check Deliber visibility","status":"passed","stage":"finished","steps":[],"attachments":[],"parameters":[],"start":1659959214501,"stop":1659959214535},{"name":"Checj products in cart visibility","status":"passed","stage":"finished","steps":[],"attachments":[],"parameters":[],"start":1659959214556,"stop":1659959214606},{"name":"Add card and pay","status":"passed","stage":"finished","steps":[],"attachments":[],"parameters":[],"start":1659959214607,"stop":1659959222742},{"name":"Add card and pay","status":"passed","stage":"finished","steps":[],"attachments":[],"parameters":[],"start":1659959222743,"stop":1659959222836},{"name":"Click pay button ","status":"failed","statusDetails":{"known":false,"muted":false,"flaky":false,"message":"Element not found {By.xpath: //*[@id=\"payment-submit\"]}\nExpected: visible","trace":"Element not found {By.xpath: //*[@id=\"payment-submit\"]}\nExpected: visible\nScreenshot: file:/D:/Veli.store/build/reports/tests/1659959230980.0.png\nPage source: file:/D:/Veli.store/build/reports/tests/1659959230980.0.html\nTimeout: 8 s.\nCaused by: NoSuchElementException: no such element: Unable to locate element: {\"method\":\"xpath\",\"selector\":\"//*[@id=\"payment-submit\"]\"}\r\n\tat com.codeborne.selenide.impl.WebElementSource.createElementNotFoundError(WebElementSource.java:37)\r\n\tat com.codeborne.selenide.impl.ElementFinder.createElementNotFoundError(ElementFinder.java:100)\r\n\tat com.codeborne.selenide.impl.WebElementSource.checkCondition(WebElementSource.java:65)\r\n\tat com.codeborne.selenide.commands.Should.should(Should.java:35)\r\n\tat com.codeborne.selenide.commands.Should.execute(Should.java:29)\r\n\tat com.codeborne.selenide.commands.Should.execute(Should.java:12)\r\n\tat com.codeborne.selenide.commands.Commands.execute(Commands.java:144)\r\n\tat com.codeborne.selenide.impl.SelenideElementProxy.dispatchAndRetry(SelenideElementProxy.java:99)\r\n\tat com.codeborne.selenide.impl.SelenideElementProxy.invoke(SelenideElementProxy.java:65)\r\n\tat jdk.proxy2/jdk.proxy2.$Proxy15.waitUntil(Unknown Source)\r\n\tat Veli.Store.StepObject.step_two.Click_pay(step_two.java:655)\r\n\tat BywithLogin.BuySomeProducts(BywithLogin.java:64)\r\n\tat java.base/jdk.internal.reflect.NativeMethodAccessorImpl.invoke0(Native Method)\r\n\tat java.base/jdk.internal.reflect.NativeMethodAccessorImpl.invoke(NativeMethodAccessorImpl.java:78)\r\n\tat java.base/jdk.internal.reflect.DelegatingMethodAccessorImpl.invoke(DelegatingMethodAccessorImpl.java:43)\r\n\tat java.base/java.lang.reflect.Method.invoke(Method.java:567)\r\n\tat org.testng.internal.MethodInvocationHelper.invokeMethod(MethodInvocationHelper.java:124)\r\n\tat org.testng.internal.Invoker.invokeMethod(Invoker.java:583)\r\n\tat org.testng.internal.Invoker.invokeTestMethod(Invoker.java:719)\r\n\tat org.testng.internal.Invoker.invokeTestMethods(Invoker.java:989)\r\n\tat org.testng.internal.TestMethodWorker.invokeTestMethods(TestMethodWorker.java:125)\r\n\tat org.testng.internal.TestMethodWorker.run(TestMethodWorker.java:109)\r\n\tat org.testng.TestRunner.privateRun(TestRunner.java:648)\r\n\tat org.testng.TestRunner.run(TestRunner.java:505)\r\n\tat org.testng.SuiteRunner.runTest(SuiteRunner.java:455)\r\n\tat org.testng.SuiteRunner.runSequentially(SuiteRunner.java:450)\r\n\tat org.testng.SuiteRunner.privateRun(SuiteRunner.java:415)\r\n\tat org.testng.SuiteRunner.run(SuiteRunner.java:364)\r\n\tat org.testng.SuiteRunnerWorker.runSuite(SuiteRunnerWorker.java:52)\r\n\tat org.testng.SuiteRunnerWorker.run(SuiteRunnerWorker.java:84)\r\n\tat org.testng.TestNG.runSuitesSequentially(TestNG.java:1208)\r\n\tat org.testng.TestNG.runSuitesLocally(TestNG.java:1137)\r\n\tat org.testng.TestNG.runSuites(TestNG.java:1049)\r\n\tat org.testng.TestNG.run(TestNG.java:1017)\r\n\tat com.intellij.rt.testng.IDEARemoteTestNG.run(IDEARemoteTestNG.java:66)\r\n\tat com.intellij.rt.testng.RemoteTestNGStarter.main(RemoteTestNGStarter.java:109)\r\nCaused by: org.openqa.selenium.NoSuchElementException: no such element: Unable to locate element: {\"method\":\"xpath\",\"selector\":\"//*[@id=\"payment-submit\"]\"}\n  (Session info: chrome=104.0.5112.79)\nFor documentation on this error, please visit: https://www.seleniumhq.org/exceptions/no_such_element.html\nBuild info: version: '3.141.59', revision: 'e82be7d358', time: '2018-11-14T08:17:03'\nSystem info: host: 'DESKTOP-SBHM82R', ip: '192.168.100.26', os.name: 'Windows 10', os.arch: 'amd64', os.version: '10.0', java.version: '16'\nDriver info: org.openqa.selenium.chrome.ChromeDriver\nCapabilities {acceptInsecureCerts: false, browserName: chrome, browserVersion: 104.0.5112.79, chrome: {chromedriverVersion: 103.0.5060.53 (a1711811edd7..., userDataDir: C:\\Users\\HP\\AppData\\Local\\T...}, goog:chromeOptions: {debuggerAddress: localhost:65228}, javascriptEnabled: true, networkConnectionEnabled: false, pageLoadStrategy: normal, platform: WINDOWS, platformName: WINDOWS, proxy: Proxy(), setWindowRect: true, strictFileInteractability: false, timeouts: {implicit: 0, pageLoad: 300000, script: 30000}, unhandledPromptBehavior: dismiss and notify, webauthn:extension:credBlob: true, webauthn:extension:largeBlob: true, webauthn:virtualAuthenticators: true}\nSession ID: cf15bda8dcb861c1228fc002ca545020\n*** Element info: {Using=xpath, value=//*[@id=\"payment-submit\"]}\r\n\tat jdk.internal.reflect.GeneratedConstructorAccessor11.newInstance(Unknown Source)\r\n\tat java.base/jdk.internal.reflect.DelegatingConstructorAccessorImpl.newInstance(DelegatingConstructorAccessorImpl.java:45)\r\n\tat java.base/java.lang.reflect.Constructor.newInstanceWithCaller(Constructor.java:499)\r\n\tat java.base/java.lang.reflect.Constructor.newInstance(Constructor.java:480)\r\n\tat org.openqa.selenium.remote.http.W3CHttpResponseCodec.createException(W3CHttpResponseCodec.java:187)\r\n\tat org.openqa.selenium.remote.http.W3CHttpResponseCodec.decode(W3CHttpResponseCodec.java:122)\r\n\tat org.openqa.selenium.remote.http.W3CHttpResponseCodec.decode(W3CHttpResponseCodec.java:49)\r\n\tat org.openqa.selenium.remote.HttpCommandExecutor.execute(HttpCommandExecutor.java:158)\r\n\tat org.openqa.selenium.remote.service.DriverCommandExecutor.execute(DriverCommandExecutor.java:83)\r\n\tat org.openqa.selenium.remote.RemoteWebDriver.execute(RemoteWebDriver.java:552)\r\n\tat org.openqa.selenium.remote.RemoteWebDriver.findElement(RemoteWebDriver.java:323)\r\n\tat org.openqa.selenium.remote.RemoteWebDriver.findElementByXPath(RemoteWebDriver.java:428)\r\n\tat org.openqa.selenium.By$ByXPath.findElement(By.java:353)\r\n\tat org.openqa.selenium.remote.RemoteWebDriver.findElement(RemoteWebDriver.java:315)\r\n\tat com.codeborne.selenide.impl.WebElementSelector.findElement(WebElementSelector.java:28)\r\n\tat com.codeborne.selenide.impl.ElementFinder.getWebElement(ElementFinder.java:74)\r\n\tat com.codeborne.selenide.impl.WebElementSource.checkCondition(WebElementSource.java:50)\r\n\t... 33 more\r\n"},"stage":"finished","steps":[],"attachments":[],"parameters":[],"start":1659959222837,"stop":1659959231441}],"attachments":[],"parameters":[],"start":1659959181818,"stop":1659959231444,"uuid":"38a5c996-ccbb-4f07-a716-88ee4334642d","historyId":"500d5ffe22d580e44c70e9cbd8cd8a9f","fullName":"BywithLogin.BuySomeProducts","labels":[{"name":"package","value":"BywithLogin"},{"name":"testClass","value":"BywithLogin"},{"name":"testMethod","value":"BuySomeProducts"},{"name":"parentSuite","value":"Default Suite"},{"name":"suite","value":"Veli.store"},{"name":"subSuite","value":"BywithLogin"},{"name":"host","value":"DESKTOP-SBHM82R"},{"name":"thread","value":"19848@DESKTOP-SBHM82R.main(1)"},{"name":"framework","value":"testng"},{"name":"language","value":"java"},{"name":"severity","value":"critical"}],"links":[]}