{"name":"Homepage","status":"failed","statusDetails":{"known":false,"muted":false,"flaky":false,"message":"Element not found {#attname}\nExpected: exist","trace":"Element not found {#attname}\nExpected: exist\nScreenshot: file:/D:/Veli.store/build/reports/tests/1659023474037.0.png\nPage source: file:/D:/Veli.store/build/reports/tests/1659023474037.0.html\nTimeout: 4 s.\nCaused by: NoSuchElementException: no such element: Unable to locate element: {\"method\":\"css selector\",\"selector\":\"#attname\"}\r\n\tat com.codeborne.selenide.impl.WebElementSource.createElementNotFoundError(WebElementSource.java:37)\r\n\tat com.codeborne.selenide.impl.ElementFinder.createElementNotFoundError(ElementFinder.java:100)\r\n\tat com.codeborne.selenide.impl.SelenideElementProxy.dispatchAndRetry(SelenideElementProxy.java:131)\r\n\tat com.codeborne.selenide.impl.SelenideElementProxy.invoke(SelenideElementProxy.java:65)\r\n\tat jdk.proxy2/jdk.proxy2.$Proxy15.getText(Unknown Source)\r\n\tat Homepage.Homepage(Homepage.java:38)\r\n\tat java.base/jdk.internal.reflect.NativeMethodAccessorImpl.invoke0(Native Method)\r\n\tat java.base/jdk.internal.reflect.NativeMethodAccessorImpl.invoke(NativeMethodAccessorImpl.java:78)\r\n\tat java.base/jdk.internal.reflect.DelegatingMethodAccessorImpl.invoke(DelegatingMethodAccessorImpl.java:43)\r\n\tat java.base/java.lang.reflect.Method.invoke(Method.java:567)\r\n\tat org.testng.internal.MethodInvocationHelper.invokeMethod(MethodInvocationHelper.java:124)\r\n\tat org.testng.internal.Invoker.invokeMethod(Invoker.java:583)\r\n\tat org.testng.internal.Invoker.invokeTestMethod(Invoker.java:719)\r\n\tat org.testng.internal.Invoker.invokeTestMethods(Invoker.java:989)\r\n\tat org.testng.internal.TestMethodWorker.invokeTestMethods(TestMethodWorker.java:125)\r\n\tat org.testng.internal.TestMethodWorker.run(TestMethodWorker.java:109)\r\n\tat org.testng.TestRunner.privateRun(TestRunner.java:648)\r\n\tat org.testng.TestRunner.run(TestRunner.java:505)\r\n\tat org.testng.SuiteRunner.runTest(SuiteRunner.java:455)\r\n\tat org.testng.SuiteRunner.runSequentially(SuiteRunner.java:450)\r\n\tat org.testng.SuiteRunner.privateRun(SuiteRunner.java:415)\r\n\tat org.testng.SuiteRunner.run(SuiteRunner.java:364)\r\n\tat org.testng.SuiteRunnerWorker.runSuite(SuiteRunnerWorker.java:52)\r\n\tat org.testng.SuiteRunnerWorker.run(SuiteRunnerWorker.java:84)\r\n\tat org.testng.TestNG.runSuitesSequentially(TestNG.java:1208)\r\n\tat org.testng.TestNG.runSuitesLocally(TestNG.java:1137)\r\n\tat org.testng.TestNG.runSuites(TestNG.java:1049)\r\n\tat org.testng.TestNG.run(TestNG.java:1017)\r\n\tat com.intellij.rt.testng.IDEARemoteTestNG.run(IDEARemoteTestNG.java:66)\r\n\tat com.intellij.rt.testng.RemoteTestNGStarter.main(RemoteTestNGStarter.java:109)\r\nCaused by: org.openqa.selenium.NoSuchElementException: no such element: Unable to locate element: {\"method\":\"css selector\",\"selector\":\"#attname\"}\n  (Session info: chrome=103.0.5060.134)\nFor documentation on this error, please visit: https://www.seleniumhq.org/exceptions/no_such_element.html\nBuild info: version: '3.141.59', revision: 'e82be7d358', time: '2018-11-14T08:17:03'\nSystem info: host: 'DESKTOP-SBHM82R', ip: '192.168.100.29', os.name: 'Windows 10', os.arch: 'amd64', os.version: '10.0', java.version: '16'\nDriver info: org.openqa.selenium.chrome.ChromeDriver\nCapabilities {acceptInsecureCerts: false, browserName: chrome, browserVersion: 103.0.5060.134, chrome: {chromedriverVersion: 103.0.5060.53 (a1711811edd7..., userDataDir: C:\\Users\\HP\\AppData\\Local\\T...}, goog:chromeOptions: {debuggerAddress: localhost:53824}, javascriptEnabled: true, networkConnectionEnabled: false, pageLoadStrategy: normal, platform: WINDOWS, platformName: WINDOWS, proxy: Proxy(), setWindowRect: true, strictFileInteractability: false, timeouts: {implicit: 0, pageLoad: 300000, script: 30000}, unhandledPromptBehavior: dismiss and notify, webauthn:extension:credBlob: true, webauthn:extension:largeBlob: true, webauthn:virtualAuthenticators: true}\nSession ID: 3f37a75494ce7f776cb72a6240c24fc9\n*** Element info: {Using=css selector, value=#attname}\r\n\tat jdk.internal.reflect.GeneratedConstructorAccessor10.newInstance(Unknown Source)\r\n\tat java.base/jdk.internal.reflect.DelegatingConstructorAccessorImpl.newInstance(DelegatingConstructorAccessorImpl.java:45)\r\n\tat java.base/java.lang.reflect.Constructor.newInstanceWithCaller(Constructor.java:499)\r\n\tat java.base/java.lang.reflect.Constructor.newInstance(Constructor.java:480)\r\n\tat org.openqa.selenium.remote.http.W3CHttpResponseCodec.createException(W3CHttpResponseCodec.java:187)\r\n\tat org.openqa.selenium.remote.http.W3CHttpResponseCodec.decode(W3CHttpResponseCodec.java:122)\r\n\tat org.openqa.selenium.remote.http.W3CHttpResponseCodec.decode(W3CHttpResponseCodec.java:49)\r\n\tat org.openqa.selenium.remote.HttpCommandExecutor.execute(HttpCommandExecutor.java:158)\r\n\tat org.openqa.selenium.remote.service.DriverCommandExecutor.execute(DriverCommandExecutor.java:83)\r\n\tat org.openqa.selenium.remote.RemoteWebDriver.execute(RemoteWebDriver.java:552)\r\n\tat org.openqa.selenium.remote.RemoteWebDriver.findElement(RemoteWebDriver.java:323)\r\n\tat org.openqa.selenium.remote.RemoteWebDriver.findElementByCssSelector(RemoteWebDriver.java:420)\r\n\tat org.openqa.selenium.By$ByCssSelector.findElement(By.java:431)\r\n\tat org.openqa.selenium.remote.RemoteWebDriver.findElement(RemoteWebDriver.java:315)\r\n\tat com.codeborne.selenide.impl.WebElementSelector.findElement(WebElementSelector.java:28)\r\n\tat com.codeborne.selenide.impl.ElementFinder.getWebElement(ElementFinder.java:74)\r\n\tat com.codeborne.selenide.commands.GetText.execute(GetText.java:21)\r\n\tat com.codeborne.selenide.commands.GetText.execute(GetText.java:8)\r\n\tat com.codeborne.selenide.commands.Commands.execute(Commands.java:144)\r\n\tat com.codeborne.selenide.impl.SelenideElementProxy.dispatchAndRetry(SelenideElementProxy.java:99)\r\n\t... 27 more\r\n"},"stage":"finished","description":"Homepage header titles and open chat","steps":[{"name":"Cookie","status":"passed","stage":"finished","steps":[],"attachments":[],"parameters":[],"start":1659023465802,"stop":1659023465952},{"name":"Terms of use","status":"passed","stage":"finished","steps":[],"attachments":[],"parameters":[],"start":1659023465953,"stop":1659023466018},{"name":"accept","status":"passed","stage":"finished","steps":[],"attachments":[],"parameters":[],"start":1659023466018,"stop":1659023466176},{"name":"Check Deliber visibility","status":"passed","stage":"finished","steps":[],"attachments":[],"parameters":[],"start":1659023466177,"stop":1659023466226},{"name":"Check Return title","status":"passed","stage":"finished","steps":[],"attachments":[],"parameters":[],"start":1659023466226,"stop":1659023466272},{"name":"Check title of contact and click","status":"passed","stage":"finished","steps":[],"attachments":[],"parameters":[],"start":1659023466273,"stop":1659023466323},{"name":"Check support number","status":"passed","stage":"finished","steps":[],"attachments":[],"parameters":[],"start":1659023466323,"stop":1659023466364},{"name":"All categories are  visible","status":"passed","stage":"finished","steps":[],"attachments":[],"parameters":[],"start":1659023466364,"stop":1659023466415},{"name":"First category div","status":"passed","stage":"finished","steps":[],"attachments":[],"parameters":[],"start":1659023466415,"stop":1659023466455},{"name":"Second category div","status":"passed","stage":"finished","steps":[],"attachments":[],"parameters":[],"start":1659023466455,"stop":1659023466494},{"name":"Third category div","status":"passed","stage":"finished","steps":[],"attachments":[],"parameters":[],"start":1659023466494,"stop":1659023466520},{"name":"Fourth category div","status":"passed","stage":"finished","steps":[],"attachments":[],"parameters":[],"start":1659023466520,"stop":1659023466546},{"name":"Fifth category div","status":"passed","stage":"finished","steps":[],"attachments":[],"parameters":[],"start":1659023466546,"stop":1659023466574},{"name":"Sixth category div","status":"passed","stage":"finished","steps":[],"attachments":[],"parameters":[],"start":1659023466574,"stop":1659023466601},{"name":"Click chat","status":"passed","stage":"finished","steps":[],"attachments":[],"parameters":[],"start":1659023466602,"stop":1659023469868}],"attachments":[],"parameters":[],"start":1659023465378,"stop":1659023475149,"uuid":"5bc43671-0d7a-41eb-a5d5-5ef81bb70244","historyId":"d3d3046d3237ed1cf106cb4bc186fc44","fullName":"Homepage.Homepage","labels":[{"name":"package","value":"Homepage"},{"name":"testClass","value":"Homepage"},{"name":"testMethod","value":"Homepage"},{"name":"parentSuite","value":"Default Suite"},{"name":"suite","value":"Veli.store"},{"name":"subSuite","value":"Homepage"},{"name":"host","value":"DESKTOP-SBHM82R"},{"name":"thread","value":"30888@DESKTOP-SBHM82R.main(1)"},{"name":"framework","value":"testng"},{"name":"language","value":"java"},{"name":"severity","value":"critical"}],"links":[]}