{"name":"buy_someproducts","status":"failed","statusDetails":{"known":false,"muted":false,"flaky":false,"message":"ElementClickInterceptedException: element click intercepted: Element <button class=\"cart header-hover\" id=\"cart-button\">...</button> is not clickable at point (1151, 78). Other element would receive the click: <div class=\"styled__CheckoutModal-sc-1yijk8q-38 cMidVX\">...</div>\n  (Session info: chrome=98.0.4758.82)\nBuild info: version: '3.141.59', revision: 'e82be7d358', time: '2018-11-14T08:17:03'\nSystem info: host: 'DESKTOP-SBHM82R', ip: '192.168.100.11', os.name: 'Windows 10', os.arch: 'amd64', os.version: '10.0', java.version: '16'\nDriver info: org.openqa.selenium.chrome.ChromeDriver\nCapabilities {acceptInsecureCerts: false, browserName: chrome, browserVersion: 98.0.4758.82, chrome: {chromedriverVersion: 98.0.4758.80 (7f0488e8ba0d8..., userDataDir: C:\\Users\\HP\\AppData\\Local\\T...}, goog:chromeOptions: {debuggerAddress: localhost:60847}, javascriptEnabled: true, networkConnectionEnabled: false, pageLoadStrategy: normal, platform: WINDOWS, platformName: WINDOWS, proxy: Proxy(), setWindowRect: true, strictFileInteractability: false, timeouts: {implicit: 0, pageLoad: 300000, script: 30000}, unhandledPromptBehavior: dismiss and notify, webauthn:extension:credBlob: true, webauthn:extension:largeBlob: true, webauthn:virtualAuthenticators: true}\nSession ID: 06bce40eca9b9bf876512c02b10cccff","trace":"org.openqa.selenium.ElementClickInterceptedException: element click intercepted: Element <button class=\"cart header-hover\" id=\"cart-button\">...</button> is not clickable at point (1151, 78). Other element would receive the click: <div class=\"styled__CheckoutModal-sc-1yijk8q-38 cMidVX\">...</div>\n  (Session info: chrome=98.0.4758.82)\nBuild info: version: '3.141.59', revision: 'e82be7d358', time: '2018-11-14T08:17:03'\nSystem info: host: 'DESKTOP-SBHM82R', ip: '192.168.100.11', os.name: 'Windows 10', os.arch: 'amd64', os.version: '10.0', java.version: '16'\nDriver info: org.openqa.selenium.chrome.ChromeDriver\nCapabilities {acceptInsecureCerts: false, browserName: chrome, browserVersion: 98.0.4758.82, chrome: {chromedriverVersion: 98.0.4758.80 (7f0488e8ba0d8..., userDataDir: C:\\Users\\HP\\AppData\\Local\\T...}, goog:chromeOptions: {debuggerAddress: localhost:60847}, javascriptEnabled: true, networkConnectionEnabled: false, pageLoadStrategy: normal, platform: WINDOWS, platformName: WINDOWS, proxy: Proxy(), setWindowRect: true, strictFileInteractability: false, timeouts: {implicit: 0, pageLoad: 300000, script: 30000}, unhandledPromptBehavior: dismiss and notify, webauthn:extension:credBlob: true, webauthn:extension:largeBlob: true, webauthn:virtualAuthenticators: true}\nSession ID: 06bce40eca9b9bf876512c02b10cccff\nScreenshot: file:/D:/Veli.store/build/reports/tests/1644915951455.0.png\nPage source: file:/D:/Veli.store/build/reports/tests/1644915951455.0.html\nTimeout: 4 s.\nCaused by: ElementClickInterceptedException: element click intercepted: Element <button class=\"cart header-hover\" id=\"cart-button\">...</button> is not clickable at point (1151, 78). Other element would receive the click: <div class=\"styled__CheckoutModal-sc-1yijk8q-38 cMidVX\">...</div>\r\n\tat com.codeborne.selenide.impl.SelenideElementProxy.dispatchAndRetry(SelenideElementProxy.java:125)\r\n\tat com.codeborne.selenide.impl.SelenideElementProxy.invoke(SelenideElementProxy.java:65)\r\n\tat jdk.proxy2/jdk.proxy2.$Proxy15.click(Unknown Source)\r\n\tat Veli.Store.StepObject.step_two.Cart_title(step_two.java:580)\r\n\tat BywithLogin.buy_someproducts(BywithLogin.java:46)\r\n\tat java.base/jdk.internal.reflect.NativeMethodAccessorImpl.invoke0(Native Method)\r\n\tat java.base/jdk.internal.reflect.NativeMethodAccessorImpl.invoke(NativeMethodAccessorImpl.java:78)\r\n\tat java.base/jdk.internal.reflect.DelegatingMethodAccessorImpl.invoke(DelegatingMethodAccessorImpl.java:43)\r\n\tat java.base/java.lang.reflect.Method.invoke(Method.java:567)\r\n\tat org.testng.internal.MethodInvocationHelper.invokeMethod(MethodInvocationHelper.java:124)\r\n\tat org.testng.internal.Invoker.invokeMethod(Invoker.java:583)\r\n\tat org.testng.internal.Invoker.invokeTestMethod(Invoker.java:719)\r\n\tat org.testng.internal.Invoker.invokeTestMethods(Invoker.java:989)\r\n\tat org.testng.internal.TestMethodWorker.invokeTestMethods(TestMethodWorker.java:125)\r\n\tat org.testng.internal.TestMethodWorker.run(TestMethodWorker.java:109)\r\n\tat org.testng.TestRunner.privateRun(TestRunner.java:648)\r\n\tat org.testng.TestRunner.run(TestRunner.java:505)\r\n\tat org.testng.SuiteRunner.runTest(SuiteRunner.java:455)\r\n\tat org.testng.SuiteRunner.runSequentially(SuiteRunner.java:450)\r\n\tat org.testng.SuiteRunner.privateRun(SuiteRunner.java:415)\r\n\tat org.testng.SuiteRunner.run(SuiteRunner.java:364)\r\n\tat org.testng.SuiteRunnerWorker.runSuite(SuiteRunnerWorker.java:52)\r\n\tat org.testng.SuiteRunnerWorker.run(SuiteRunnerWorker.java:84)\r\n\tat org.testng.TestNG.runSuitesSequentially(TestNG.java:1208)\r\n\tat org.testng.TestNG.runSuitesLocally(TestNG.java:1137)\r\n\tat org.testng.TestNG.runSuites(TestNG.java:1049)\r\n\tat org.testng.TestNG.run(TestNG.java:1017)\r\n\tat com.intellij.rt.testng.IDEARemoteTestNG.run(IDEARemoteTestNG.java:66)\r\n\tat com.intellij.rt.testng.RemoteTestNGStarter.main(RemoteTestNGStarter.java:109)\r\nCaused by: org.openqa.selenium.ElementClickInterceptedException: element click intercepted: Element <button class=\"cart header-hover\" id=\"cart-button\">...</button> is not clickable at point (1151, 78). Other element would receive the click: <div class=\"styled__CheckoutModal-sc-1yijk8q-38 cMidVX\">...</div>\n  (Session info: chrome=98.0.4758.82)\nBuild info: version: '3.141.59', revision: 'e82be7d358', time: '2018-11-14T08:17:03'\nSystem info: host: 'DESKTOP-SBHM82R', ip: '192.168.100.11', os.name: 'Windows 10', os.arch: 'amd64', os.version: '10.0', java.version: '16'\nDriver info: org.openqa.selenium.chrome.ChromeDriver\nCapabilities {acceptInsecureCerts: false, browserName: chrome, browserVersion: 98.0.4758.82, chrome: {chromedriverVersion: 98.0.4758.80 (7f0488e8ba0d8..., userDataDir: C:\\Users\\HP\\AppData\\Local\\T...}, goog:chromeOptions: {debuggerAddress: localhost:60847}, javascriptEnabled: true, networkConnectionEnabled: false, pageLoadStrategy: normal, platform: WINDOWS, platformName: WINDOWS, proxy: Proxy(), setWindowRect: true, strictFileInteractability: false, timeouts: {implicit: 0, pageLoad: 300000, script: 30000}, unhandledPromptBehavior: dismiss and notify, webauthn:extension:credBlob: true, webauthn:extension:largeBlob: true, webauthn:virtualAuthenticators: true}\nSession ID: 06bce40eca9b9bf876512c02b10cccff\r\n\tat java.base/jdk.internal.reflect.NativeConstructorAccessorImpl.newInstance0(Native Method)\r\n\tat java.base/jdk.internal.reflect.NativeConstructorAccessorImpl.newInstance(NativeConstructorAccessorImpl.java:78)\r\n\tat java.base/jdk.internal.reflect.DelegatingConstructorAccessorImpl.newInstance(DelegatingConstructorAccessorImpl.java:45)\r\n\tat java.base/java.lang.reflect.Constructor.newInstanceWithCaller(Constructor.java:499)\r\n\tat java.base/java.lang.reflect.Constructor.newInstance(Constructor.java:480)\r\n\tat org.openqa.selenium.remote.http.W3CHttpResponseCodec.createException(W3CHttpResponseCodec.java:187)\r\n\tat org.openqa.selenium.remote.http.W3CHttpResponseCodec.decode(W3CHttpResponseCodec.java:122)\r\n\tat org.openqa.selenium.remote.http.W3CHttpResponseCodec.decode(W3CHttpResponseCodec.java:49)\r\n\tat org.openqa.selenium.remote.HttpCommandExecutor.execute(HttpCommandExecutor.java:158)\r\n\tat org.openqa.selenium.remote.service.DriverCommandExecutor.execute(DriverCommandExecutor.java:83)\r\n\tat org.openqa.selenium.remote.RemoteWebDriver.execute(RemoteWebDriver.java:552)\r\n\tat org.openqa.selenium.remote.RemoteWebElement.execute(RemoteWebElement.java:285)\r\n\tat org.openqa.selenium.remote.RemoteWebElement.click(RemoteWebElement.java:84)\r\n\tat com.codeborne.selenide.commands.Click.click(Click.java:26)\r\n\tat com.codeborne.selenide.commands.Click.execute(Click.java:13)\r\n\tat com.codeborne.selenide.commands.Click.execute(Click.java:9)\r\n\tat com.codeborne.selenide.commands.Commands.execute(Commands.java:144)\r\n\tat com.codeborne.selenide.impl.SelenideElementProxy.dispatchAndRetry(SelenideElementProxy.java:99)\r\n\t... 28 more\r\n"},"stage":"finished","description":"buy detail test description","steps":[{"name":"login steps","status":"passed","stage":"finished","steps":[{"name":"Enter the account","status":"passed","stage":"finished","steps":[],"attachments":[],"parameters":[],"start":1644915923309,"stop":1644915931593},{"name":"Log in title   ","status":"passed","stage":"finished","steps":[],"attachments":[],"parameters":[],"start":1644915931593,"stop":1644915931828},{"name":"Check avtorization visibility","status":"passed","stage":"finished","steps":[],"attachments":[],"parameters":[],"start":1644915931828,"stop":1644915931881},{"name":"Check registration visibility","status":"passed","stage":"finished","steps":[],"attachments":[],"parameters":[],"start":1644915931882,"stop":1644915931931},{"name":"Log in email","status":"passed","stage":"finished","steps":[],"attachments":[],"parameters":[{"name":"Some_mail","value":"vachika@mail.ru"}],"start":1644915931932,"stop":1644915936138},{"name":"Log in password ","status":"passed","stage":"finished","steps":[],"attachments":[],"parameters":[{"name":"Some_pass","value":"vache1920"}],"start":1644915936139,"stop":1644915936279},{"name":"check forget password visibility","status":"passed","stage":"finished","steps":[],"attachments":[],"parameters":[],"start":1644915936280,"stop":1644915936311},{"name":"Enter","status":"passed","stage":"finished","steps":[],"attachments":[],"parameters":[],"start":1644915936311,"stop":1644915936433}],"attachments":[],"parameters":[],"start":1644915923308,"stop":1644915936433},{"name":"Search","status":"passed","stage":"finished","steps":[],"attachments":[],"parameters":[{"name":"some_thing","value":"პაპია"}],"start":1644915936433,"stop":1644915937644},{"name":"click product with link texts","status":"passed","stage":"finished","steps":[],"attachments":[],"parameters":[],"start":1644915937645,"stop":1644915940098},{"name":"Check price visebility","status":"passed","stage":"finished","steps":[],"attachments":[],"parameters":[],"start":1644915940099,"stop":1644915940131},{"name":"click buy button","status":"passed","stage":"finished","steps":[],"attachments":[],"parameters":[],"start":1644915940132,"stop":1644915940681},{"name":"Name and last name  input ","status":"passed","stage":"finished","steps":[],"attachments":[],"parameters":[],"start":1644915940681,"stop":1644915941169},{"name":"Email input ","status":"passed","stage":"finished","steps":[],"attachments":[],"parameters":[],"start":1644915941170,"stop":1644915941193},{"name":"Number input ","status":"passed","stage":"finished","steps":[],"attachments":[],"parameters":[],"start":1644915941194,"stop":1644915941259},{"name":"Cart Content product  sale, deliver fee , total cost","status":"passed","stage":"finished","steps":[{"name":"Cart title visebility","status":"passed","stage":"finished","steps":[],"attachments":[],"parameters":[],"start":1644915941259,"stop":1644915941302},{"name":"Enter Promo Code","status":"passed","stage":"finished","steps":[],"attachments":[],"parameters":[],"start":1644915941302,"stop":1644915941339},{"name":"Check cart product visebility","status":"passed","stage":"finished","steps":[],"attachments":[],"parameters":[],"start":1644915941339,"stop":1644915941369},{"name":"Check cart product visebility","status":"passed","stage":"finished","steps":[],"attachments":[],"parameters":[],"start":1644915941369,"stop":1644915941398},{"name":"Product Sale","status":"passed","stage":"finished","steps":[],"attachments":[],"parameters":[],"start":1644915941398,"stop":1644915941428},{"name":"total cost","status":"passed","stage":"finished","steps":[],"attachments":[],"parameters":[],"start":1644915941428,"stop":1644915941461},{"name":"Safe methods title","status":"passed","stage":"finished","steps":[],"attachments":[],"parameters":[],"start":1644915941461,"stop":1644915941487}],"attachments":[],"parameters":[],"start":1644915941259,"stop":1644915941487},{"name":"Click continue button","status":"passed","stage":"finished","steps":[],"attachments":[],"parameters":[],"start":1644915941488,"stop":1644915941614},{"name":"Click continue button","status":"passed","stage":"finished","steps":[],"attachments":[],"parameters":[{"name":"top","value":"false"}],"start":1644915941615,"stop":1644915941676},{"name":"Check free delivery visebility","status":"passed","stage":"finished","steps":[],"attachments":[],"parameters":[],"start":1644915941677,"stop":1644915941719},{"name":"Click addres","status":"passed","stage":"finished","steps":[],"attachments":[],"parameters":[],"start":1644915941719,"stop":1644915941817},{"name":"Check address visebility","status":"passed","stage":"finished","steps":[],"attachments":[],"parameters":[],"start":1644915941818,"stop":1644915941858},{"name":"Select the  address","status":"passed","stage":"finished","steps":[],"attachments":[],"parameters":[],"start":1644915941858,"stop":1644915942320},{"name":"Select delivery time ","status":"passed","stage":"finished","steps":[],"attachments":[],"parameters":[],"start":1644915942320,"stop":1644915942353},{"name":"Select date","status":"passed","stage":"finished","steps":[],"attachments":[],"parameters":[],"start":1644915942353,"stop":1644915943767},{"name":"Leave the order at the door","status":"passed","stage":"finished","steps":[],"attachments":[],"parameters":[],"start":1644915943767,"stop":1644915943846},{"name":"Dont ring the bell ","status":"passed","stage":"finished","steps":[],"attachments":[],"parameters":[],"start":1644915943846,"stop":1644915943924},{"name":"Enter next btn","status":"passed","stage":"finished","steps":[],"attachments":[],"parameters":[],"start":1644915943924,"stop":1644915944039},{"name":"Check pay visebility","status":"passed","stage":"finished","steps":[],"attachments":[],"parameters":[],"start":1644915944040,"stop":1644915944071},{"name":"Check recepient visebility","status":"passed","stage":"finished","steps":[],"attachments":[],"parameters":[],"start":1644915944071,"stop":1644915944107},{"name":"Check Deliber visebility","status":"passed","stage":"finished","steps":[],"attachments":[],"parameters":[],"start":1644915944108,"stop":1644915944139},{"name":"Checj products in cart visebility","status":"passed","stage":"finished","steps":[],"attachments":[],"parameters":[],"start":1644915944140,"stop":1644915944180},{"name":"Show me in detail","status":"passed","stage":"finished","steps":[],"attachments":[],"parameters":[],"start":1644915944180,"stop":1644915947347},{"name":"Check the cart title during the checkout process","status":"failed","statusDetails":{"known":false,"muted":false,"flaky":false,"message":"ElementClickInterceptedException: element click intercepted: Element <button class=\"cart header-hover\" id=\"cart-button\">...</button> is not clickable at point (1151, 78). Other element would receive the click: <div class=\"styled__CheckoutModal-sc-1yijk8q-38 cMidVX\">...</div>\n  (Session info: chrome=98.0.4758.82)\nBuild info: version: '3.141.59', revision: 'e82be7d358', time: '2018-11-14T08:17:03'\nSystem info: host: 'DESKTOP-SBHM82R', ip: '192.168.100.11', os.name: 'Windows 10', os.arch: 'amd64', os.version: '10.0', java.version: '16'\nDriver info: org.openqa.selenium.chrome.ChromeDriver\nCapabilities {acceptInsecureCerts: false, browserName: chrome, browserVersion: 98.0.4758.82, chrome: {chromedriverVersion: 98.0.4758.80 (7f0488e8ba0d8..., userDataDir: C:\\Users\\HP\\AppData\\Local\\T...}, goog:chromeOptions: {debuggerAddress: localhost:60847}, javascriptEnabled: true, networkConnectionEnabled: false, pageLoadStrategy: normal, platform: WINDOWS, platformName: WINDOWS, proxy: Proxy(), setWindowRect: true, strictFileInteractability: false, timeouts: {implicit: 0, pageLoad: 300000, script: 30000}, unhandledPromptBehavior: dismiss and notify, webauthn:extension:credBlob: true, webauthn:extension:largeBlob: true, webauthn:virtualAuthenticators: true}\nSession ID: 06bce40eca9b9bf876512c02b10cccff","trace":"org.openqa.selenium.ElementClickInterceptedException: element click intercepted: Element <button class=\"cart header-hover\" id=\"cart-button\">...</button> is not clickable at point (1151, 78). Other element would receive the click: <div class=\"styled__CheckoutModal-sc-1yijk8q-38 cMidVX\">...</div>\n  (Session info: chrome=98.0.4758.82)\nBuild info: version: '3.141.59', revision: 'e82be7d358', time: '2018-11-14T08:17:03'\nSystem info: host: 'DESKTOP-SBHM82R', ip: '192.168.100.11', os.name: 'Windows 10', os.arch: 'amd64', os.version: '10.0', java.version: '16'\nDriver info: org.openqa.selenium.chrome.ChromeDriver\nCapabilities {acceptInsecureCerts: false, browserName: chrome, browserVersion: 98.0.4758.82, chrome: {chromedriverVersion: 98.0.4758.80 (7f0488e8ba0d8..., userDataDir: C:\\Users\\HP\\AppData\\Local\\T...}, goog:chromeOptions: {debuggerAddress: localhost:60847}, javascriptEnabled: true, networkConnectionEnabled: false, pageLoadStrategy: normal, platform: WINDOWS, platformName: WINDOWS, proxy: Proxy(), setWindowRect: true, strictFileInteractability: false, timeouts: {implicit: 0, pageLoad: 300000, script: 30000}, unhandledPromptBehavior: dismiss and notify, webauthn:extension:credBlob: true, webauthn:extension:largeBlob: true, webauthn:virtualAuthenticators: true}\nSession ID: 06bce40eca9b9bf876512c02b10cccff\nScreenshot: file:/D:/Veli.store/build/reports/tests/1644915951455.0.png\nPage source: file:/D:/Veli.store/build/reports/tests/1644915951455.0.html\nTimeout: 4 s.\nCaused by: ElementClickInterceptedException: element click intercepted: Element <button class=\"cart header-hover\" id=\"cart-button\">...</button> is not clickable at point (1151, 78). Other element would receive the click: <div class=\"styled__CheckoutModal-sc-1yijk8q-38 cMidVX\">...</div>\r\n\tat com.codeborne.selenide.impl.SelenideElementProxy.dispatchAndRetry(SelenideElementProxy.java:125)\r\n\tat com.codeborne.selenide.impl.SelenideElementProxy.invoke(SelenideElementProxy.java:65)\r\n\tat jdk.proxy2/jdk.proxy2.$Proxy15.click(Unknown Source)\r\n\tat Veli.Store.StepObject.step_two.Cart_title(step_two.java:580)\r\n\tat BywithLogin.buy_someproducts(BywithLogin.java:46)\r\n\tat java.base/jdk.internal.reflect.NativeMethodAccessorImpl.invoke0(Native Method)\r\n\tat java.base/jdk.internal.reflect.NativeMethodAccessorImpl.invoke(NativeMethodAccessorImpl.java:78)\r\n\tat java.base/jdk.internal.reflect.DelegatingMethodAccessorImpl.invoke(DelegatingMethodAccessorImpl.java:43)\r\n\tat java.base/java.lang.reflect.Method.invoke(Method.java:567)\r\n\tat org.testng.internal.MethodInvocationHelper.invokeMethod(MethodInvocationHelper.java:124)\r\n\tat org.testng.internal.Invoker.invokeMethod(Invoker.java:583)\r\n\tat org.testng.internal.Invoker.invokeTestMethod(Invoker.java:719)\r\n\tat org.testng.internal.Invoker.invokeTestMethods(Invoker.java:989)\r\n\tat org.testng.internal.TestMethodWorker.invokeTestMethods(TestMethodWorker.java:125)\r\n\tat org.testng.internal.TestMethodWorker.run(TestMethodWorker.java:109)\r\n\tat org.testng.TestRunner.privateRun(TestRunner.java:648)\r\n\tat org.testng.TestRunner.run(TestRunner.java:505)\r\n\tat org.testng.SuiteRunner.runTest(SuiteRunner.java:455)\r\n\tat org.testng.SuiteRunner.runSequentially(SuiteRunner.java:450)\r\n\tat org.testng.SuiteRunner.privateRun(SuiteRunner.java:415)\r\n\tat org.testng.SuiteRunner.run(SuiteRunner.java:364)\r\n\tat org.testng.SuiteRunnerWorker.runSuite(SuiteRunnerWorker.java:52)\r\n\tat org.testng.SuiteRunnerWorker.run(SuiteRunnerWorker.java:84)\r\n\tat org.testng.TestNG.runSuitesSequentially(TestNG.java:1208)\r\n\tat org.testng.TestNG.runSuitesLocally(TestNG.java:1137)\r\n\tat org.testng.TestNG.runSuites(TestNG.java:1049)\r\n\tat org.testng.TestNG.run(TestNG.java:1017)\r\n\tat com.intellij.rt.testng.IDEARemoteTestNG.run(IDEARemoteTestNG.java:66)\r\n\tat com.intellij.rt.testng.RemoteTestNGStarter.main(RemoteTestNGStarter.java:109)\r\nCaused by: org.openqa.selenium.ElementClickInterceptedException: element click intercepted: Element <button class=\"cart header-hover\" id=\"cart-button\">...</button> is not clickable at point (1151, 78). Other element would receive the click: <div class=\"styled__CheckoutModal-sc-1yijk8q-38 cMidVX\">...</div>\n  (Session info: chrome=98.0.4758.82)\nBuild info: version: '3.141.59', revision: 'e82be7d358', time: '2018-11-14T08:17:03'\nSystem info: host: 'DESKTOP-SBHM82R', ip: '192.168.100.11', os.name: 'Windows 10', os.arch: 'amd64', os.version: '10.0', java.version: '16'\nDriver info: org.openqa.selenium.chrome.ChromeDriver\nCapabilities {acceptInsecureCerts: false, browserName: chrome, browserVersion: 98.0.4758.82, chrome: {chromedriverVersion: 98.0.4758.80 (7f0488e8ba0d8..., userDataDir: C:\\Users\\HP\\AppData\\Local\\T...}, goog:chromeOptions: {debuggerAddress: localhost:60847}, javascriptEnabled: true, networkConnectionEnabled: false, pageLoadStrategy: normal, platform: WINDOWS, platformName: WINDOWS, proxy: Proxy(), setWindowRect: true, strictFileInteractability: false, timeouts: {implicit: 0, pageLoad: 300000, script: 30000}, unhandledPromptBehavior: dismiss and notify, webauthn:extension:credBlob: true, webauthn:extension:largeBlob: true, webauthn:virtualAuthenticators: true}\nSession ID: 06bce40eca9b9bf876512c02b10cccff\r\n\tat java.base/jdk.internal.reflect.NativeConstructorAccessorImpl.newInstance0(Native Method)\r\n\tat java.base/jdk.internal.reflect.NativeConstructorAccessorImpl.newInstance(NativeConstructorAccessorImpl.java:78)\r\n\tat java.base/jdk.internal.reflect.DelegatingConstructorAccessorImpl.newInstance(DelegatingConstructorAccessorImpl.java:45)\r\n\tat java.base/java.lang.reflect.Constructor.newInstanceWithCaller(Constructor.java:499)\r\n\tat java.base/java.lang.reflect.Constructor.newInstance(Constructor.java:480)\r\n\tat org.openqa.selenium.remote.http.W3CHttpResponseCodec.createException(W3CHttpResponseCodec.java:187)\r\n\tat org.openqa.selenium.remote.http.W3CHttpResponseCodec.decode(W3CHttpResponseCodec.java:122)\r\n\tat org.openqa.selenium.remote.http.W3CHttpResponseCodec.decode(W3CHttpResponseCodec.java:49)\r\n\tat org.openqa.selenium.remote.HttpCommandExecutor.execute(HttpCommandExecutor.java:158)\r\n\tat org.openqa.selenium.remote.service.DriverCommandExecutor.execute(DriverCommandExecutor.java:83)\r\n\tat org.openqa.selenium.remote.RemoteWebDriver.execute(RemoteWebDriver.java:552)\r\n\tat org.openqa.selenium.remote.RemoteWebElement.execute(RemoteWebElement.java:285)\r\n\tat org.openqa.selenium.remote.RemoteWebElement.click(RemoteWebElement.java:84)\r\n\tat com.codeborne.selenide.commands.Click.click(Click.java:26)\r\n\tat com.codeborne.selenide.commands.Click.execute(Click.java:13)\r\n\tat com.codeborne.selenide.commands.Click.execute(Click.java:9)\r\n\tat com.codeborne.selenide.commands.Commands.execute(Commands.java:144)\r\n\tat com.codeborne.selenide.impl.SelenideElementProxy.dispatchAndRetry(SelenideElementProxy.java:99)\r\n\t... 28 more\r\n"},"stage":"finished","steps":[],"attachments":[],"parameters":[],"start":1644915947348,"stop":1644915951850}],"attachments":[],"parameters":[],"start":1644915923014,"stop":1644915951865,"uuid":"628be959-f4f1-4394-a44e-722c9651cd3a","historyId":"4bc3b8596088c64fe94b4e5efe7fd547","fullName":"BywithLogin.buy_someproducts","labels":[{"name":"package","value":"BywithLogin"},{"name":"testClass","value":"BywithLogin"},{"name":"testMethod","value":"buy_someproducts"},{"name":"parentSuite","value":"Default Suite"},{"name":"suite","value":"Veli.store"},{"name":"subSuite","value":"BywithLogin"},{"name":"host","value":"DESKTOP-SBHM82R"},{"name":"thread","value":"12940@DESKTOP-SBHM82R.main(1)"},{"name":"framework","value":"testng"},{"name":"language","value":"java"},{"name":"severity","value":"critical"}],"links":[]}