{"name":"Add_addressBTN","status":"failed","statusDetails":{"known":false,"muted":false,"flaky":false,"message":"Element not found {by text: ვებსაიტი იყენებს cookie ფაილებს.}\nExpected: visible","trace":"Element not found {by text: ვებსაიტი იყენებს cookie ფაილებს.}\nExpected: visible\nPage source: file:/D:/Veli.store/build/reports/tests/1648563578330.1.html\nTimeout: 9 s.\nCaused by: NoSuchElementException: Cannot locate an element using xpath=.//*/text()[normalize-space(translate(string(.), '\r\n\tat com.codeborne.selenide.impl.WebElementSource.createElementNotFoundError(WebElementSource.java:37)\r\n\tat com.codeborne.selenide.impl.ElementFinder.createElementNotFoundError(ElementFinder.java:100)\r\n\tat com.codeborne.selenide.impl.WebElementSource.checkCondition(WebElementSource.java:65)\r\n\tat com.codeborne.selenide.commands.Should.should(Should.java:35)\r\n\tat com.codeborne.selenide.commands.Should.execute(Should.java:29)\r\n\tat com.codeborne.selenide.commands.Should.execute(Should.java:12)\r\n\tat com.codeborne.selenide.commands.Commands.execute(Commands.java:144)\r\n\tat com.codeborne.selenide.impl.SelenideElementProxy.dispatchAndRetry(SelenideElementProxy.java:99)\r\n\tat com.codeborne.selenide.impl.SelenideElementProxy.invoke(SelenideElementProxy.java:65)\r\n\tat jdk.proxy2/jdk.proxy2.$Proxy15.waitUntil(Unknown Source)\r\n\tat Veli.Store.StepObject.step_two.Cookies(step_two.java:13)\r\n\tat Myaccount_address.Add_addressBTN(Myaccount_address.java:104)\r\n\tat java.base/jdk.internal.reflect.NativeMethodAccessorImpl.invoke0(Native Method)\r\n\tat java.base/jdk.internal.reflect.NativeMethodAccessorImpl.invoke(NativeMethodAccessorImpl.java:78)\r\n\tat java.base/jdk.internal.reflect.DelegatingMethodAccessorImpl.invoke(DelegatingMethodAccessorImpl.java:43)\r\n\tat java.base/java.lang.reflect.Method.invoke(Method.java:567)\r\n\tat org.testng.internal.MethodInvocationHelper.invokeMethod(MethodInvocationHelper.java:124)\r\n\tat org.testng.internal.Invoker.invokeMethod(Invoker.java:583)\r\n\tat org.testng.internal.Invoker.retryFailed(Invoker.java:839)\r\n\tat org.testng.internal.Invoker.invokeTestMethods(Invoker.java:1010)\r\n\tat org.testng.internal.TestMethodWorker.invokeTestMethods(TestMethodWorker.java:125)\r\n\tat org.testng.internal.TestMethodWorker.run(TestMethodWorker.java:109)\r\n\tat org.testng.TestRunner.privateRun(TestRunner.java:648)\r\n\tat org.testng.TestRunner.run(TestRunner.java:505)\r\n\tat org.testng.SuiteRunner.runTest(SuiteRunner.java:455)\r\n\tat org.testng.SuiteRunner.runSequentially(SuiteRunner.java:450)\r\n\tat org.testng.SuiteRunner.privateRun(SuiteRunner.java:415)\r\n\tat org.testng.SuiteRunner.run(SuiteRunner.java:364)\r\n\tat org.testng.SuiteRunnerWorker.runSuite(SuiteRunnerWorker.java:52)\r\n\tat org.testng.SuiteRunnerWorker.run(SuiteRunnerWorker.java:84)\r\n\tat org.testng.TestNG.runSuitesSequentially(TestNG.java:1208)\r\n\tat org.testng.TestNG.runSuitesLocally(TestNG.java:1137)\r\n\tat org.testng.TestNG.runSuites(TestNG.java:1049)\r\n\tat org.testng.TestNG.run(TestNG.java:1017)\r\n\tat com.intellij.rt.testng.IDEARemoteTestNG.run(IDEARemoteTestNG.java:66)\r\n\tat com.intellij.rt.testng.RemoteTestNGStarter.main(RemoteTestNGStarter.java:109)\r\nCaused by: org.openqa.selenium.NoSuchElementException: Cannot locate an element using xpath=.//*/text()[normalize-space(translate(string(.), '\t\n\r ', '    ')) = \"ვებსაიტი იყენებს cookie ფაილებს.\"]/parent::*\nFor documentation on this error, please visit: https://www.seleniumhq.org/exceptions/no_such_element.html\nBuild info: version: '3.141.59', revision: 'e82be7d358', time: '2018-11-14T08:17:03'\nSystem info: host: 'DESKTOP-SBHM82R', ip: '192.168.100.10', os.name: 'Windows 10', os.arch: 'amd64', os.version: '10.0', java.version: '16'\nDriver info: driver.version: RemoteWebDriver\r\n\tat org.openqa.selenium.remote.RemoteWebDriver.findElement(RemoteWebDriver.java:327)\r\n\tat org.openqa.selenium.remote.RemoteWebDriver.findElementByXPath(RemoteWebDriver.java:428)\r\n\tat org.openqa.selenium.By$ByXPath.findElement(By.java:353)\r\n\tat org.openqa.selenium.remote.RemoteWebDriver.findElement(RemoteWebDriver.java:315)\r\n\tat com.codeborne.selenide.impl.WebElementSelector.findElement(WebElementSelector.java:28)\r\n\tat com.codeborne.selenide.impl.ElementFinder.getWebElement(ElementFinder.java:74)\r\n\tat com.codeborne.selenide.impl.WebElementSource.checkCondition(WebElementSource.java:50)\r\n\t... 33 more\r\n"},"stage":"finished","description":"Check the delete Address detail test description","steps":[{"name":"Cookie","status":"failed","statusDetails":{"known":false,"muted":false,"flaky":false,"message":"Element not found {by text: ვებსაიტი იყენებს cookie ფაილებს.}\nExpected: visible","trace":"Element not found {by text: ვებსაიტი იყენებს cookie ფაილებს.}\nExpected: visible\nPage source: file:/D:/Veli.store/build/reports/tests/1648563578330.1.html\nTimeout: 9 s.\nCaused by: NoSuchElementException: Cannot locate an element using xpath=.//*/text()[normalize-space(translate(string(.), '\r\n\tat com.codeborne.selenide.impl.WebElementSource.createElementNotFoundError(WebElementSource.java:37)\r\n\tat com.codeborne.selenide.impl.ElementFinder.createElementNotFoundError(ElementFinder.java:100)\r\n\tat com.codeborne.selenide.impl.WebElementSource.checkCondition(WebElementSource.java:65)\r\n\tat com.codeborne.selenide.commands.Should.should(Should.java:35)\r\n\tat com.codeborne.selenide.commands.Should.execute(Should.java:29)\r\n\tat com.codeborne.selenide.commands.Should.execute(Should.java:12)\r\n\tat com.codeborne.selenide.commands.Commands.execute(Commands.java:144)\r\n\tat com.codeborne.selenide.impl.SelenideElementProxy.dispatchAndRetry(SelenideElementProxy.java:99)\r\n\tat com.codeborne.selenide.impl.SelenideElementProxy.invoke(SelenideElementProxy.java:65)\r\n\tat jdk.proxy2/jdk.proxy2.$Proxy15.waitUntil(Unknown Source)\r\n\tat Veli.Store.StepObject.step_two.Cookies(step_two.java:13)\r\n\tat Myaccount_address.Add_addressBTN(Myaccount_address.java:104)\r\n\tat java.base/jdk.internal.reflect.NativeMethodAccessorImpl.invoke0(Native Method)\r\n\tat java.base/jdk.internal.reflect.NativeMethodAccessorImpl.invoke(NativeMethodAccessorImpl.java:78)\r\n\tat java.base/jdk.internal.reflect.DelegatingMethodAccessorImpl.invoke(DelegatingMethodAccessorImpl.java:43)\r\n\tat java.base/java.lang.reflect.Method.invoke(Method.java:567)\r\n\tat org.testng.internal.MethodInvocationHelper.invokeMethod(MethodInvocationHelper.java:124)\r\n\tat org.testng.internal.Invoker.invokeMethod(Invoker.java:583)\r\n\tat org.testng.internal.Invoker.retryFailed(Invoker.java:839)\r\n\tat org.testng.internal.Invoker.invokeTestMethods(Invoker.java:1010)\r\n\tat org.testng.internal.TestMethodWorker.invokeTestMethods(TestMethodWorker.java:125)\r\n\tat org.testng.internal.TestMethodWorker.run(TestMethodWorker.java:109)\r\n\tat org.testng.TestRunner.privateRun(TestRunner.java:648)\r\n\tat org.testng.TestRunner.run(TestRunner.java:505)\r\n\tat org.testng.SuiteRunner.runTest(SuiteRunner.java:455)\r\n\tat org.testng.SuiteRunner.runSequentially(SuiteRunner.java:450)\r\n\tat org.testng.SuiteRunner.privateRun(SuiteRunner.java:415)\r\n\tat org.testng.SuiteRunner.run(SuiteRunner.java:364)\r\n\tat org.testng.SuiteRunnerWorker.runSuite(SuiteRunnerWorker.java:52)\r\n\tat org.testng.SuiteRunnerWorker.run(SuiteRunnerWorker.java:84)\r\n\tat org.testng.TestNG.runSuitesSequentially(TestNG.java:1208)\r\n\tat org.testng.TestNG.runSuitesLocally(TestNG.java:1137)\r\n\tat org.testng.TestNG.runSuites(TestNG.java:1049)\r\n\tat org.testng.TestNG.run(TestNG.java:1017)\r\n\tat com.intellij.rt.testng.IDEARemoteTestNG.run(IDEARemoteTestNG.java:66)\r\n\tat com.intellij.rt.testng.RemoteTestNGStarter.main(RemoteTestNGStarter.java:109)\r\nCaused by: org.openqa.selenium.NoSuchElementException: Cannot locate an element using xpath=.//*/text()[normalize-space(translate(string(.), '\t\n\r ', '    ')) = \"ვებსაიტი იყენებს cookie ფაილებს.\"]/parent::*\nFor documentation on this error, please visit: https://www.seleniumhq.org/exceptions/no_such_element.html\nBuild info: version: '3.141.59', revision: 'e82be7d358', time: '2018-11-14T08:17:03'\nSystem info: host: 'DESKTOP-SBHM82R', ip: '192.168.100.10', os.name: 'Windows 10', os.arch: 'amd64', os.version: '10.0', java.version: '16'\nDriver info: driver.version: RemoteWebDriver\r\n\tat org.openqa.selenium.remote.RemoteWebDriver.findElement(RemoteWebDriver.java:327)\r\n\tat org.openqa.selenium.remote.RemoteWebDriver.findElementByXPath(RemoteWebDriver.java:428)\r\n\tat org.openqa.selenium.By$ByXPath.findElement(By.java:353)\r\n\tat org.openqa.selenium.remote.RemoteWebDriver.findElement(RemoteWebDriver.java:315)\r\n\tat com.codeborne.selenide.impl.WebElementSelector.findElement(WebElementSelector.java:28)\r\n\tat com.codeborne.selenide.impl.ElementFinder.getWebElement(ElementFinder.java:74)\r\n\tat com.codeborne.selenide.impl.WebElementSource.checkCondition(WebElementSource.java:50)\r\n\t... 33 more\r\n"},"stage":"finished","steps":[],"attachments":[],"parameters":[],"start":1648563459374,"stop":1648563578342}],"attachments":[],"parameters":[],"start":1648563459368,"stop":1648563578356,"uuid":"92d1ff4b-1afc-401e-9ad3-7bb6a4ac517d","historyId":"3af206abef42d1f7d7b0246b7cd042d1","fullName":"Myaccount_address.Add_addressBTN","labels":[{"name":"package","value":"Myaccount_address"},{"name":"testClass","value":"Myaccount_address"},{"name":"testMethod","value":"Add_addressBTN"},{"name":"parentSuite","value":"Default Suite"},{"name":"suite","value":"Veli.store"},{"name":"subSuite","value":"Myaccount_address"},{"name":"host","value":"DESKTOP-SBHM82R"},{"name":"thread","value":"50216@DESKTOP-SBHM82R.main(1)"},{"name":"framework","value":"testng"},{"name":"language","value":"java"},{"name":"severity","value":"critical"}],"links":[]}