{"name":"buy","status":"failed","statusDetails":{"known":false,"muted":false,"flaky":false,"message":"Element not found {.styled__CardWrapper-sc-1dgygsi-0[1]}\nExpected: visible or transparent","trace":"Element not found {.styled__CardWrapper-sc-1dgygsi-0[1]}\nExpected: visible or transparent\nScreenshot: file:/D:/Veli.store/build/reports/tests/1643891574387.0.png\nPage source: file:/D:/Veli.store/build/reports/tests/1643891574387.0.html\nTimeout: 4 s.\nCaused by: java.lang.IndexOutOfBoundsException: Index 1 out of bounds for length 0\r\n\tat com.codeborne.selenide.impl.WebElementSource.createElementNotFoundError(WebElementSource.java:37)\r\n\tat com.codeborne.selenide.impl.ElementFinder.createElementNotFoundError(ElementFinder.java:100)\r\n\tat com.codeborne.selenide.impl.WebElementSource.checkCondition(WebElementSource.java:65)\r\n\tat com.codeborne.selenide.impl.WebElementSource.findAndAssertElementIsInteractable(WebElementSource.java:87)\r\n\tat com.codeborne.selenide.commands.Click.execute(Click.java:13)\r\n\tat com.codeborne.selenide.commands.Click.execute(Click.java:9)\r\n\tat com.codeborne.selenide.commands.Commands.execute(Commands.java:144)\r\n\tat com.codeborne.selenide.impl.SelenideElementProxy.dispatchAndRetry(SelenideElementProxy.java:99)\r\n\tat com.codeborne.selenide.impl.SelenideElementProxy.invoke(SelenideElementProxy.java:65)\r\n\tat jdk.proxy2/jdk.proxy2.$Proxy15.click(Unknown Source)\r\n\tat Veli.Store.StepObject.step_two.Click_product(step_two.java:235)\r\n\tat Buy.buy(Buy.java:22)\r\n\tat java.base/jdk.internal.reflect.NativeMethodAccessorImpl.invoke0(Native Method)\r\n\tat java.base/jdk.internal.reflect.NativeMethodAccessorImpl.invoke(NativeMethodAccessorImpl.java:78)\r\n\tat java.base/jdk.internal.reflect.DelegatingMethodAccessorImpl.invoke(DelegatingMethodAccessorImpl.java:43)\r\n\tat java.base/java.lang.reflect.Method.invoke(Method.java:567)\r\n\tat org.testng.internal.MethodInvocationHelper.invokeMethod(MethodInvocationHelper.java:124)\r\n\tat org.testng.internal.Invoker.invokeMethod(Invoker.java:583)\r\n\tat org.testng.internal.Invoker.invokeTestMethod(Invoker.java:719)\r\n\tat org.testng.internal.Invoker.invokeTestMethods(Invoker.java:989)\r\n\tat org.testng.internal.TestMethodWorker.invokeTestMethods(TestMethodWorker.java:125)\r\n\tat org.testng.internal.TestMethodWorker.run(TestMethodWorker.java:109)\r\n\tat org.testng.TestRunner.privateRun(TestRunner.java:648)\r\n\tat org.testng.TestRunner.run(TestRunner.java:505)\r\n\tat org.testng.SuiteRunner.runTest(SuiteRunner.java:455)\r\n\tat org.testng.SuiteRunner.runSequentially(SuiteRunner.java:450)\r\n\tat org.testng.SuiteRunner.privateRun(SuiteRunner.java:415)\r\n\tat org.testng.SuiteRunner.run(SuiteRunner.java:364)\r\n\tat org.testng.SuiteRunnerWorker.runSuite(SuiteRunnerWorker.java:52)\r\n\tat org.testng.SuiteRunnerWorker.run(SuiteRunnerWorker.java:84)\r\n\tat org.testng.TestNG.runSuitesSequentially(TestNG.java:1208)\r\n\tat org.testng.TestNG.runSuitesLocally(TestNG.java:1137)\r\n\tat org.testng.TestNG.runSuites(TestNG.java:1049)\r\n\tat org.testng.TestNG.run(TestNG.java:1017)\r\n\tat com.intellij.rt.testng.IDEARemoteTestNG.run(IDEARemoteTestNG.java:66)\r\n\tat com.intellij.rt.testng.RemoteTestNGStarter.main(RemoteTestNGStarter.java:109)\r\nCaused by: java.lang.IndexOutOfBoundsException: Index 1 out of bounds for length 0\r\n\tat java.base/jdk.internal.util.Preconditions.outOfBounds(Preconditions.java:64)\r\n\tat java.base/jdk.internal.util.Preconditions.outOfBoundsCheckIndex(Preconditions.java:70)\r\n\tat java.base/jdk.internal.util.Preconditions.checkIndex(Preconditions.java:266)\r\n\tat java.base/java.util.Objects.checkIndex(Objects.java:359)\r\n\tat java.base/java.util.ArrayList.get(ArrayList.java:427)\r\n\tat com.codeborne.selenide.impl.ElementFinder.getWebElement(ElementFinder.java:75)\r\n\tat com.codeborne.selenide.impl.WebElementSource.checkCondition(WebElementSource.java:50)\r\n\t... 33 more\r\n"},"stage":"finished","description":"buy detail test description","steps":[{"name":"Search","status":"passed","stage":"finished","steps":[],"attachments":[],"parameters":[{"name":"some_thing","value":"პაპია"}],"start":1643891564843,"stop":1643891567906},{"name":"Phone","status":"passed","stage":"finished","steps":[],"attachments":[],"parameters":[],"start":1643891567906,"stop":1643891570131},{"name":"Click product","status":"failed","statusDetails":{"known":false,"muted":false,"flaky":false,"message":"Element not found {.styled__CardWrapper-sc-1dgygsi-0[1]}\nExpected: visible or transparent","trace":"Element not found {.styled__CardWrapper-sc-1dgygsi-0[1]}\nExpected: visible or transparent\nScreenshot: file:/D:/Veli.store/build/reports/tests/1643891574387.0.png\nPage source: file:/D:/Veli.store/build/reports/tests/1643891574387.0.html\nTimeout: 4 s.\nCaused by: java.lang.IndexOutOfBoundsException: Index 1 out of bounds for length 0\r\n\tat com.codeborne.selenide.impl.WebElementSource.createElementNotFoundError(WebElementSource.java:37)\r\n\tat com.codeborne.selenide.impl.ElementFinder.createElementNotFoundError(ElementFinder.java:100)\r\n\tat com.codeborne.selenide.impl.WebElementSource.checkCondition(WebElementSource.java:65)\r\n\tat com.codeborne.selenide.impl.WebElementSource.findAndAssertElementIsInteractable(WebElementSource.java:87)\r\n\tat com.codeborne.selenide.commands.Click.execute(Click.java:13)\r\n\tat com.codeborne.selenide.commands.Click.execute(Click.java:9)\r\n\tat com.codeborne.selenide.commands.Commands.execute(Commands.java:144)\r\n\tat com.codeborne.selenide.impl.SelenideElementProxy.dispatchAndRetry(SelenideElementProxy.java:99)\r\n\tat com.codeborne.selenide.impl.SelenideElementProxy.invoke(SelenideElementProxy.java:65)\r\n\tat jdk.proxy2/jdk.proxy2.$Proxy15.click(Unknown Source)\r\n\tat Veli.Store.StepObject.step_two.Click_product(step_two.java:235)\r\n\tat Buy.buy(Buy.java:22)\r\n\tat java.base/jdk.internal.reflect.NativeMethodAccessorImpl.invoke0(Native Method)\r\n\tat java.base/jdk.internal.reflect.NativeMethodAccessorImpl.invoke(NativeMethodAccessorImpl.java:78)\r\n\tat java.base/jdk.internal.reflect.DelegatingMethodAccessorImpl.invoke(DelegatingMethodAccessorImpl.java:43)\r\n\tat java.base/java.lang.reflect.Method.invoke(Method.java:567)\r\n\tat org.testng.internal.MethodInvocationHelper.invokeMethod(MethodInvocationHelper.java:124)\r\n\tat org.testng.internal.Invoker.invokeMethod(Invoker.java:583)\r\n\tat org.testng.internal.Invoker.invokeTestMethod(Invoker.java:719)\r\n\tat org.testng.internal.Invoker.invokeTestMethods(Invoker.java:989)\r\n\tat org.testng.internal.TestMethodWorker.invokeTestMethods(TestMethodWorker.java:125)\r\n\tat org.testng.internal.TestMethodWorker.run(TestMethodWorker.java:109)\r\n\tat org.testng.TestRunner.privateRun(TestRunner.java:648)\r\n\tat org.testng.TestRunner.run(TestRunner.java:505)\r\n\tat org.testng.SuiteRunner.runTest(SuiteRunner.java:455)\r\n\tat org.testng.SuiteRunner.runSequentially(SuiteRunner.java:450)\r\n\tat org.testng.SuiteRunner.privateRun(SuiteRunner.java:415)\r\n\tat org.testng.SuiteRunner.run(SuiteRunner.java:364)\r\n\tat org.testng.SuiteRunnerWorker.runSuite(SuiteRunnerWorker.java:52)\r\n\tat org.testng.SuiteRunnerWorker.run(SuiteRunnerWorker.java:84)\r\n\tat org.testng.TestNG.runSuitesSequentially(TestNG.java:1208)\r\n\tat org.testng.TestNG.runSuitesLocally(TestNG.java:1137)\r\n\tat org.testng.TestNG.runSuites(TestNG.java:1049)\r\n\tat org.testng.TestNG.run(TestNG.java:1017)\r\n\tat com.intellij.rt.testng.IDEARemoteTestNG.run(IDEARemoteTestNG.java:66)\r\n\tat com.intellij.rt.testng.RemoteTestNGStarter.main(RemoteTestNGStarter.java:109)\r\nCaused by: java.lang.IndexOutOfBoundsException: Index 1 out of bounds for length 0\r\n\tat java.base/jdk.internal.util.Preconditions.outOfBounds(Preconditions.java:64)\r\n\tat java.base/jdk.internal.util.Preconditions.outOfBoundsCheckIndex(Preconditions.java:70)\r\n\tat java.base/jdk.internal.util.Preconditions.checkIndex(Preconditions.java:266)\r\n\tat java.base/java.util.Objects.checkIndex(Objects.java:359)\r\n\tat java.base/java.util.ArrayList.get(ArrayList.java:427)\r\n\tat com.codeborne.selenide.impl.ElementFinder.getWebElement(ElementFinder.java:75)\r\n\tat com.codeborne.selenide.impl.WebElementSource.checkCondition(WebElementSource.java:50)\r\n\t... 33 more\r\n"},"stage":"finished","steps":[],"attachments":[],"parameters":[],"start":1643891570131,"stop":1643891574796}],"attachments":[],"parameters":[],"start":1643891564486,"stop":1643891574804,"uuid":"b09472b1-2344-490e-92f1-1bbe1b2ec935","historyId":"ae57b374f004df48758a1afaf6804116","fullName":"Buy.buy","labels":[{"name":"package","value":"Buy"},{"name":"testClass","value":"Buy"},{"name":"testMethod","value":"buy"},{"name":"parentSuite","value":"Default Suite"},{"name":"suite","value":"Veli.store"},{"name":"subSuite","value":"Buy"},{"name":"host","value":"DESKTOP-SBHM82R"},{"name":"thread","value":"31784@DESKTOP-SBHM82R.main(1)"},{"name":"framework","value":"testng"},{"name":"language","value":"java"},{"name":"severity","value":"critical"}],"links":[]}