{"name":"buy_someproducts","status":"failed","statusDetails":{"known":false,"muted":false,"flaky":false,"message":"Element not found {by text: პრომო კოდის შეყვანა}\nExpected: visible","trace":"Element not found {by text: პრომო კოდის შეყვანა}\nExpected: visible\nScreenshot: file:/D:/Veli.store/build/reports/tests/1645094286081.0.png\nPage source: file:/D:/Veli.store/build/reports/tests/1645094286081.0.html\nTimeout: 8 s.\nCaused by: NoSuchElementException: no such element: Unable to locate element: {\"method\":\"xpath\",\"selector\":\".//*/text()[normalize-space(translate(string(.), '\r\n\tat com.codeborne.selenide.impl.WebElementSource.createElementNotFoundError(WebElementSource.java:37)\r\n\tat com.codeborne.selenide.impl.ElementFinder.createElementNotFoundError(ElementFinder.java:100)\r\n\tat com.codeborne.selenide.impl.WebElementSource.checkCondition(WebElementSource.java:65)\r\n\tat com.codeborne.selenide.commands.Should.should(Should.java:35)\r\n\tat com.codeborne.selenide.commands.Should.execute(Should.java:29)\r\n\tat com.codeborne.selenide.commands.Should.execute(Should.java:12)\r\n\tat com.codeborne.selenide.commands.Commands.execute(Commands.java:144)\r\n\tat com.codeborne.selenide.impl.SelenideElementProxy.dispatchAndRetry(SelenideElementProxy.java:99)\r\n\tat com.codeborne.selenide.impl.SelenideElementProxy.invoke(SelenideElementProxy.java:65)\r\n\tat jdk.proxy2/jdk.proxy2.$Proxy15.waitUntil(Unknown Source)\r\n\tat Veli.Store.StepObject.step_two.Promo_code(step_two.java:475)\r\n\tat Veli.Store.StepObject.step_two.Cart_content(step_two.java:483)\r\n\tat BywithLogin.buy_someproducts(BywithLogin.java:33)\r\n\tat java.base/jdk.internal.reflect.NativeMethodAccessorImpl.invoke0(Native Method)\r\n\tat java.base/jdk.internal.reflect.NativeMethodAccessorImpl.invoke(NativeMethodAccessorImpl.java:78)\r\n\tat java.base/jdk.internal.reflect.DelegatingMethodAccessorImpl.invoke(DelegatingMethodAccessorImpl.java:43)\r\n\tat java.base/java.lang.reflect.Method.invoke(Method.java:567)\r\n\tat org.testng.internal.MethodInvocationHelper.invokeMethod(MethodInvocationHelper.java:124)\r\n\tat org.testng.internal.Invoker.invokeMethod(Invoker.java:583)\r\n\tat org.testng.internal.Invoker.invokeTestMethod(Invoker.java:719)\r\n\tat org.testng.internal.Invoker.invokeTestMethods(Invoker.java:989)\r\n\tat org.testng.internal.TestMethodWorker.invokeTestMethods(TestMethodWorker.java:125)\r\n\tat org.testng.internal.TestMethodWorker.run(TestMethodWorker.java:109)\r\n\tat org.testng.TestRunner.privateRun(TestRunner.java:648)\r\n\tat org.testng.TestRunner.run(TestRunner.java:505)\r\n\tat org.testng.SuiteRunner.runTest(SuiteRunner.java:455)\r\n\tat org.testng.SuiteRunner.runSequentially(SuiteRunner.java:450)\r\n\tat org.testng.SuiteRunner.privateRun(SuiteRunner.java:415)\r\n\tat org.testng.SuiteRunner.run(SuiteRunner.java:364)\r\n\tat org.testng.SuiteRunnerWorker.runSuite(SuiteRunnerWorker.java:52)\r\n\tat org.testng.SuiteRunnerWorker.run(SuiteRunnerWorker.java:84)\r\n\tat org.testng.TestNG.runSuitesSequentially(TestNG.java:1208)\r\n\tat org.testng.TestNG.runSuitesLocally(TestNG.java:1137)\r\n\tat org.testng.TestNG.runSuites(TestNG.java:1049)\r\n\tat org.testng.TestNG.run(TestNG.java:1017)\r\n\tat com.intellij.rt.testng.IDEARemoteTestNG.run(IDEARemoteTestNG.java:66)\r\n\tat com.intellij.rt.testng.RemoteTestNGStarter.main(RemoteTestNGStarter.java:109)\r\nCaused by: org.openqa.selenium.NoSuchElementException: no such element: Unable to locate element: {\"method\":\"xpath\",\"selector\":\".//*/text()[normalize-space(translate(string(.), '\t\n\r ', '    ')) = \"პრომო კოდის შეყვანა\"]/parent::*\"}\n  (Session info: chrome=98.0.4758.82)\nFor documentation on this error, please visit: https://www.seleniumhq.org/exceptions/no_such_element.html\nBuild info: version: '3.141.59', revision: 'e82be7d358', time: '2018-11-14T08:17:03'\nSystem info: host: 'DESKTOP-SBHM82R', ip: '192.168.100.5', os.name: 'Windows 10', os.arch: 'amd64', os.version: '10.0', java.version: '16'\nDriver info: org.openqa.selenium.chrome.ChromeDriver\nCapabilities {acceptInsecureCerts: false, browserName: chrome, browserVersion: 98.0.4758.82, chrome: {chromedriverVersion: 98.0.4758.80 (7f0488e8ba0d8..., userDataDir: C:\\Users\\HP\\AppData\\Local\\T...}, goog:chromeOptions: {debuggerAddress: localhost:59476}, javascriptEnabled: true, networkConnectionEnabled: false, pageLoadStrategy: normal, platform: WINDOWS, platformName: WINDOWS, proxy: Proxy(), setWindowRect: true, strictFileInteractability: false, timeouts: {implicit: 0, pageLoad: 300000, script: 30000}, unhandledPromptBehavior: dismiss and notify, webauthn:extension:credBlob: true, webauthn:extension:largeBlob: true, webauthn:virtualAuthenticators: true}\nSession ID: 69a34b94f5318176a2c8cc7f21afdffe\n*** Element info: {Using=xpath, value=.//*/text()[normalize-space(translate(string(.), '\t\n\r ', '    ')) = \"პრომო კოდის შეყვანა\"]/parent::*}\r\n\tat jdk.internal.reflect.GeneratedConstructorAccessor11.newInstance(Unknown Source)\r\n\tat java.base/jdk.internal.reflect.DelegatingConstructorAccessorImpl.newInstance(DelegatingConstructorAccessorImpl.java:45)\r\n\tat java.base/java.lang.reflect.Constructor.newInstanceWithCaller(Constructor.java:499)\r\n\tat java.base/java.lang.reflect.Constructor.newInstance(Constructor.java:480)\r\n\tat org.openqa.selenium.remote.http.W3CHttpResponseCodec.createException(W3CHttpResponseCodec.java:187)\r\n\tat org.openqa.selenium.remote.http.W3CHttpResponseCodec.decode(W3CHttpResponseCodec.java:122)\r\n\tat org.openqa.selenium.remote.http.W3CHttpResponseCodec.decode(W3CHttpResponseCodec.java:49)\r\n\tat org.openqa.selenium.remote.HttpCommandExecutor.execute(HttpCommandExecutor.java:158)\r\n\tat org.openqa.selenium.remote.service.DriverCommandExecutor.execute(DriverCommandExecutor.java:83)\r\n\tat org.openqa.selenium.remote.RemoteWebDriver.execute(RemoteWebDriver.java:552)\r\n\tat org.openqa.selenium.remote.RemoteWebDriver.findElement(RemoteWebDriver.java:323)\r\n\tat org.openqa.selenium.remote.RemoteWebDriver.findElementByXPath(RemoteWebDriver.java:428)\r\n\tat org.openqa.selenium.By$ByXPath.findElement(By.java:353)\r\n\tat org.openqa.selenium.remote.RemoteWebDriver.findElement(RemoteWebDriver.java:315)\r\n\tat com.codeborne.selenide.impl.WebElementSelector.findElement(WebElementSelector.java:28)\r\n\tat com.codeborne.selenide.impl.ElementFinder.getWebElement(ElementFinder.java:74)\r\n\tat com.codeborne.selenide.impl.WebElementSource.checkCondition(WebElementSource.java:50)\r\n\t... 34 more\r\n"},"stage":"finished","description":"buy detail test description","steps":[{"name":"Terms of use","status":"passed","stage":"finished","steps":[],"attachments":[],"parameters":[],"start":1645094258301,"stop":1645094258437},{"name":"accept","status":"passed","stage":"finished","steps":[],"attachments":[],"parameters":[],"start":1645094258437,"stop":1645094258629},{"name":"login steps","status":"passed","stage":"finished","steps":[{"name":"Enter the account","status":"passed","stage":"finished","steps":[],"attachments":[],"parameters":[],"start":1645094258629,"stop":1645094266851},{"name":"Log in title   ","status":"passed","stage":"finished","steps":[],"attachments":[],"parameters":[],"start":1645094266851,"stop":1645094267091},{"name":"Check avtorization visibility","status":"passed","stage":"finished","steps":[],"attachments":[],"parameters":[],"start":1645094267091,"stop":1645094267163},{"name":"Check registration visibility","status":"passed","stage":"finished","steps":[],"attachments":[],"parameters":[],"start":1645094267171,"stop":1645094267225},{"name":"Log in email","status":"passed","stage":"finished","steps":[],"attachments":[],"parameters":[{"name":"Some_mail","value":"vachika@mail.ru"}],"start":1645094267233,"stop":1645094271543},{"name":"Log in password ","status":"passed","stage":"finished","steps":[],"attachments":[],"parameters":[{"name":"Some_pass","value":"vache1920"}],"start":1645094271543,"stop":1645094271812},{"name":"check forget password visibility","status":"passed","stage":"finished","steps":[],"attachments":[],"parameters":[],"start":1645094271812,"stop":1645094271860},{"name":"Enter","status":"passed","stage":"finished","steps":[],"attachments":[],"parameters":[],"start":1645094271860,"stop":1645094272028}],"attachments":[],"parameters":[],"start":1645094258629,"stop":1645094272028},{"name":"Search","status":"passed","stage":"finished","steps":[],"attachments":[],"parameters":[{"name":"some_thing","value":"პაპია"}],"start":1645094272028,"stop":1645094273776},{"name":"click product with link texts","status":"passed","stage":"finished","steps":[],"attachments":[],"parameters":[],"start":1645094273776,"stop":1645094276409},{"name":"Check price visebility","status":"passed","stage":"finished","steps":[],"attachments":[],"parameters":[],"start":1645094276409,"stop":1645094276545},{"name":"click buy button","status":"passed","stage":"finished","steps":[],"attachments":[],"parameters":[],"start":1645094276545,"stop":1645094277105},{"name":"Name and last name  input ","status":"passed","stage":"finished","steps":[],"attachments":[],"parameters":[],"start":1645094277105,"stop":1645094277741},{"name":"Email input ","status":"passed","stage":"finished","steps":[],"attachments":[],"parameters":[],"start":1645094277741,"stop":1645094277805},{"name":"Number input ","status":"passed","stage":"finished","steps":[],"attachments":[],"parameters":[],"start":1645094277805,"stop":1645094277845},{"name":"Cart Content product  sale, deliver fee , total cost","status":"failed","statusDetails":{"known":false,"muted":false,"flaky":false,"message":"Element not found {by text: პრომო კოდის შეყვანა}\nExpected: visible","trace":"Element not found {by text: პრომო კოდის შეყვანა}\nExpected: visible\nScreenshot: file:/D:/Veli.store/build/reports/tests/1645094286081.0.png\nPage source: file:/D:/Veli.store/build/reports/tests/1645094286081.0.html\nTimeout: 8 s.\nCaused by: NoSuchElementException: no such element: Unable to locate element: {\"method\":\"xpath\",\"selector\":\".//*/text()[normalize-space(translate(string(.), '\r\n\tat com.codeborne.selenide.impl.WebElementSource.createElementNotFoundError(WebElementSource.java:37)\r\n\tat com.codeborne.selenide.impl.ElementFinder.createElementNotFoundError(ElementFinder.java:100)\r\n\tat com.codeborne.selenide.impl.WebElementSource.checkCondition(WebElementSource.java:65)\r\n\tat com.codeborne.selenide.commands.Should.should(Should.java:35)\r\n\tat com.codeborne.selenide.commands.Should.execute(Should.java:29)\r\n\tat com.codeborne.selenide.commands.Should.execute(Should.java:12)\r\n\tat com.codeborne.selenide.commands.Commands.execute(Commands.java:144)\r\n\tat com.codeborne.selenide.impl.SelenideElementProxy.dispatchAndRetry(SelenideElementProxy.java:99)\r\n\tat com.codeborne.selenide.impl.SelenideElementProxy.invoke(SelenideElementProxy.java:65)\r\n\tat jdk.proxy2/jdk.proxy2.$Proxy15.waitUntil(Unknown Source)\r\n\tat Veli.Store.StepObject.step_two.Promo_code(step_two.java:475)\r\n\tat Veli.Store.StepObject.step_two.Cart_content(step_two.java:483)\r\n\tat BywithLogin.buy_someproducts(BywithLogin.java:33)\r\n\tat java.base/jdk.internal.reflect.NativeMethodAccessorImpl.invoke0(Native Method)\r\n\tat java.base/jdk.internal.reflect.NativeMethodAccessorImpl.invoke(NativeMethodAccessorImpl.java:78)\r\n\tat java.base/jdk.internal.reflect.DelegatingMethodAccessorImpl.invoke(DelegatingMethodAccessorImpl.java:43)\r\n\tat java.base/java.lang.reflect.Method.invoke(Method.java:567)\r\n\tat org.testng.internal.MethodInvocationHelper.invokeMethod(MethodInvocationHelper.java:124)\r\n\tat org.testng.internal.Invoker.invokeMethod(Invoker.java:583)\r\n\tat org.testng.internal.Invoker.invokeTestMethod(Invoker.java:719)\r\n\tat org.testng.internal.Invoker.invokeTestMethods(Invoker.java:989)\r\n\tat org.testng.internal.TestMethodWorker.invokeTestMethods(TestMethodWorker.java:125)\r\n\tat org.testng.internal.TestMethodWorker.run(TestMethodWorker.java:109)\r\n\tat org.testng.TestRunner.privateRun(TestRunner.java:648)\r\n\tat org.testng.TestRunner.run(TestRunner.java:505)\r\n\tat org.testng.SuiteRunner.runTest(SuiteRunner.java:455)\r\n\tat org.testng.SuiteRunner.runSequentially(SuiteRunner.java:450)\r\n\tat org.testng.SuiteRunner.privateRun(SuiteRunner.java:415)\r\n\tat org.testng.SuiteRunner.run(SuiteRunner.java:364)\r\n\tat org.testng.SuiteRunnerWorker.runSuite(SuiteRunnerWorker.java:52)\r\n\tat org.testng.SuiteRunnerWorker.run(SuiteRunnerWorker.java:84)\r\n\tat org.testng.TestNG.runSuitesSequentially(TestNG.java:1208)\r\n\tat org.testng.TestNG.runSuitesLocally(TestNG.java:1137)\r\n\tat org.testng.TestNG.runSuites(TestNG.java:1049)\r\n\tat org.testng.TestNG.run(TestNG.java:1017)\r\n\tat com.intellij.rt.testng.IDEARemoteTestNG.run(IDEARemoteTestNG.java:66)\r\n\tat com.intellij.rt.testng.RemoteTestNGStarter.main(RemoteTestNGStarter.java:109)\r\nCaused by: org.openqa.selenium.NoSuchElementException: no such element: Unable to locate element: {\"method\":\"xpath\",\"selector\":\".//*/text()[normalize-space(translate(string(.), '\t\n\r ', '    ')) = \"პრომო კოდის შეყვანა\"]/parent::*\"}\n  (Session info: chrome=98.0.4758.82)\nFor documentation on this error, please visit: https://www.seleniumhq.org/exceptions/no_such_element.html\nBuild info: version: '3.141.59', revision: 'e82be7d358', time: '2018-11-14T08:17:03'\nSystem info: host: 'DESKTOP-SBHM82R', ip: '192.168.100.5', os.name: 'Windows 10', os.arch: 'amd64', os.version: '10.0', java.version: '16'\nDriver info: org.openqa.selenium.chrome.ChromeDriver\nCapabilities {acceptInsecureCerts: false, browserName: chrome, browserVersion: 98.0.4758.82, chrome: {chromedriverVersion: 98.0.4758.80 (7f0488e8ba0d8..., userDataDir: C:\\Users\\HP\\AppData\\Local\\T...}, goog:chromeOptions: {debuggerAddress: localhost:59476}, javascriptEnabled: true, networkConnectionEnabled: false, pageLoadStrategy: normal, platform: WINDOWS, platformName: WINDOWS, proxy: Proxy(), setWindowRect: true, strictFileInteractability: false, timeouts: {implicit: 0, pageLoad: 300000, script: 30000}, unhandledPromptBehavior: dismiss and notify, webauthn:extension:credBlob: true, webauthn:extension:largeBlob: true, webauthn:virtualAuthenticators: true}\nSession ID: 69a34b94f5318176a2c8cc7f21afdffe\n*** Element info: {Using=xpath, value=.//*/text()[normalize-space(translate(string(.), '\t\n\r ', '    ')) = \"პრომო კოდის შეყვანა\"]/parent::*}\r\n\tat jdk.internal.reflect.GeneratedConstructorAccessor11.newInstance(Unknown Source)\r\n\tat java.base/jdk.internal.reflect.DelegatingConstructorAccessorImpl.newInstance(DelegatingConstructorAccessorImpl.java:45)\r\n\tat java.base/java.lang.reflect.Constructor.newInstanceWithCaller(Constructor.java:499)\r\n\tat java.base/java.lang.reflect.Constructor.newInstance(Constructor.java:480)\r\n\tat org.openqa.selenium.remote.http.W3CHttpResponseCodec.createException(W3CHttpResponseCodec.java:187)\r\n\tat org.openqa.selenium.remote.http.W3CHttpResponseCodec.decode(W3CHttpResponseCodec.java:122)\r\n\tat org.openqa.selenium.remote.http.W3CHttpResponseCodec.decode(W3CHttpResponseCodec.java:49)\r\n\tat org.openqa.selenium.remote.HttpCommandExecutor.execute(HttpCommandExecutor.java:158)\r\n\tat org.openqa.selenium.remote.service.DriverCommandExecutor.execute(DriverCommandExecutor.java:83)\r\n\tat org.openqa.selenium.remote.RemoteWebDriver.execute(RemoteWebDriver.java:552)\r\n\tat org.openqa.selenium.remote.RemoteWebDriver.findElement(RemoteWebDriver.java:323)\r\n\tat org.openqa.selenium.remote.RemoteWebDriver.findElementByXPath(RemoteWebDriver.java:428)\r\n\tat org.openqa.selenium.By$ByXPath.findElement(By.java:353)\r\n\tat org.openqa.selenium.remote.RemoteWebDriver.findElement(RemoteWebDriver.java:315)\r\n\tat com.codeborne.selenide.impl.WebElementSelector.findElement(WebElementSelector.java:28)\r\n\tat com.codeborne.selenide.impl.ElementFinder.getWebElement(ElementFinder.java:74)\r\n\tat com.codeborne.selenide.impl.WebElementSource.checkCondition(WebElementSource.java:50)\r\n\t... 34 more\r\n"},"stage":"finished","steps":[{"name":"Cart title visebility","status":"passed","stage":"finished","steps":[],"attachments":[],"parameters":[],"start":1645094277845,"stop":1645094277909},{"name":"Enter Promo Code","status":"failed","statusDetails":{"known":false,"muted":false,"flaky":false,"message":"Element not found {by text: პრომო კოდის შეყვანა}\nExpected: visible","trace":"Element not found {by text: პრომო კოდის შეყვანა}\nExpected: visible\nScreenshot: file:/D:/Veli.store/build/reports/tests/1645094286081.0.png\nPage source: file:/D:/Veli.store/build/reports/tests/1645094286081.0.html\nTimeout: 8 s.\nCaused by: NoSuchElementException: no such element: Unable to locate element: {\"method\":\"xpath\",\"selector\":\".//*/text()[normalize-space(translate(string(.), '\r\n\tat com.codeborne.selenide.impl.WebElementSource.createElementNotFoundError(WebElementSource.java:37)\r\n\tat com.codeborne.selenide.impl.ElementFinder.createElementNotFoundError(ElementFinder.java:100)\r\n\tat com.codeborne.selenide.impl.WebElementSource.checkCondition(WebElementSource.java:65)\r\n\tat com.codeborne.selenide.commands.Should.should(Should.java:35)\r\n\tat com.codeborne.selenide.commands.Should.execute(Should.java:29)\r\n\tat com.codeborne.selenide.commands.Should.execute(Should.java:12)\r\n\tat com.codeborne.selenide.commands.Commands.execute(Commands.java:144)\r\n\tat com.codeborne.selenide.impl.SelenideElementProxy.dispatchAndRetry(SelenideElementProxy.java:99)\r\n\tat com.codeborne.selenide.impl.SelenideElementProxy.invoke(SelenideElementProxy.java:65)\r\n\tat jdk.proxy2/jdk.proxy2.$Proxy15.waitUntil(Unknown Source)\r\n\tat Veli.Store.StepObject.step_two.Promo_code(step_two.java:475)\r\n\tat Veli.Store.StepObject.step_two.Cart_content(step_two.java:483)\r\n\tat BywithLogin.buy_someproducts(BywithLogin.java:33)\r\n\tat java.base/jdk.internal.reflect.NativeMethodAccessorImpl.invoke0(Native Method)\r\n\tat java.base/jdk.internal.reflect.NativeMethodAccessorImpl.invoke(NativeMethodAccessorImpl.java:78)\r\n\tat java.base/jdk.internal.reflect.DelegatingMethodAccessorImpl.invoke(DelegatingMethodAccessorImpl.java:43)\r\n\tat java.base/java.lang.reflect.Method.invoke(Method.java:567)\r\n\tat org.testng.internal.MethodInvocationHelper.invokeMethod(MethodInvocationHelper.java:124)\r\n\tat org.testng.internal.Invoker.invokeMethod(Invoker.java:583)\r\n\tat org.testng.internal.Invoker.invokeTestMethod(Invoker.java:719)\r\n\tat org.testng.internal.Invoker.invokeTestMethods(Invoker.java:989)\r\n\tat org.testng.internal.TestMethodWorker.invokeTestMethods(TestMethodWorker.java:125)\r\n\tat org.testng.internal.TestMethodWorker.run(TestMethodWorker.java:109)\r\n\tat org.testng.TestRunner.privateRun(TestRunner.java:648)\r\n\tat org.testng.TestRunner.run(TestRunner.java:505)\r\n\tat org.testng.SuiteRunner.runTest(SuiteRunner.java:455)\r\n\tat org.testng.SuiteRunner.runSequentially(SuiteRunner.java:450)\r\n\tat org.testng.SuiteRunner.privateRun(SuiteRunner.java:415)\r\n\tat org.testng.SuiteRunner.run(SuiteRunner.java:364)\r\n\tat org.testng.SuiteRunnerWorker.runSuite(SuiteRunnerWorker.java:52)\r\n\tat org.testng.SuiteRunnerWorker.run(SuiteRunnerWorker.java:84)\r\n\tat org.testng.TestNG.runSuitesSequentially(TestNG.java:1208)\r\n\tat org.testng.TestNG.runSuitesLocally(TestNG.java:1137)\r\n\tat org.testng.TestNG.runSuites(TestNG.java:1049)\r\n\tat org.testng.TestNG.run(TestNG.java:1017)\r\n\tat com.intellij.rt.testng.IDEARemoteTestNG.run(IDEARemoteTestNG.java:66)\r\n\tat com.intellij.rt.testng.RemoteTestNGStarter.main(RemoteTestNGStarter.java:109)\r\nCaused by: org.openqa.selenium.NoSuchElementException: no such element: Unable to locate element: {\"method\":\"xpath\",\"selector\":\".//*/text()[normalize-space(translate(string(.), '\t\n\r ', '    ')) = \"პრომო კოდის შეყვანა\"]/parent::*\"}\n  (Session info: chrome=98.0.4758.82)\nFor documentation on this error, please visit: https://www.seleniumhq.org/exceptions/no_such_element.html\nBuild info: version: '3.141.59', revision: 'e82be7d358', time: '2018-11-14T08:17:03'\nSystem info: host: 'DESKTOP-SBHM82R', ip: '192.168.100.5', os.name: 'Windows 10', os.arch: 'amd64', os.version: '10.0', java.version: '16'\nDriver info: org.openqa.selenium.chrome.ChromeDriver\nCapabilities {acceptInsecureCerts: false, browserName: chrome, browserVersion: 98.0.4758.82, chrome: {chromedriverVersion: 98.0.4758.80 (7f0488e8ba0d8..., userDataDir: C:\\Users\\HP\\AppData\\Local\\T...}, goog:chromeOptions: {debuggerAddress: localhost:59476}, javascriptEnabled: true, networkConnectionEnabled: false, pageLoadStrategy: normal, platform: WINDOWS, platformName: WINDOWS, proxy: Proxy(), setWindowRect: true, strictFileInteractability: false, timeouts: {implicit: 0, pageLoad: 300000, script: 30000}, unhandledPromptBehavior: dismiss and notify, webauthn:extension:credBlob: true, webauthn:extension:largeBlob: true, webauthn:virtualAuthenticators: true}\nSession ID: 69a34b94f5318176a2c8cc7f21afdffe\n*** Element info: {Using=xpath, value=.//*/text()[normalize-space(translate(string(.), '\t\n\r ', '    ')) = \"პრომო კოდის შეყვანა\"]/parent::*}\r\n\tat jdk.internal.reflect.GeneratedConstructorAccessor11.newInstance(Unknown Source)\r\n\tat java.base/jdk.internal.reflect.DelegatingConstructorAccessorImpl.newInstance(DelegatingConstructorAccessorImpl.java:45)\r\n\tat java.base/java.lang.reflect.Constructor.newInstanceWithCaller(Constructor.java:499)\r\n\tat java.base/java.lang.reflect.Constructor.newInstance(Constructor.java:480)\r\n\tat org.openqa.selenium.remote.http.W3CHttpResponseCodec.createException(W3CHttpResponseCodec.java:187)\r\n\tat org.openqa.selenium.remote.http.W3CHttpResponseCodec.decode(W3CHttpResponseCodec.java:122)\r\n\tat org.openqa.selenium.remote.http.W3CHttpResponseCodec.decode(W3CHttpResponseCodec.java:49)\r\n\tat org.openqa.selenium.remote.HttpCommandExecutor.execute(HttpCommandExecutor.java:158)\r\n\tat org.openqa.selenium.remote.service.DriverCommandExecutor.execute(DriverCommandExecutor.java:83)\r\n\tat org.openqa.selenium.remote.RemoteWebDriver.execute(RemoteWebDriver.java:552)\r\n\tat org.openqa.selenium.remote.RemoteWebDriver.findElement(RemoteWebDriver.java:323)\r\n\tat org.openqa.selenium.remote.RemoteWebDriver.findElementByXPath(RemoteWebDriver.java:428)\r\n\tat org.openqa.selenium.By$ByXPath.findElement(By.java:353)\r\n\tat org.openqa.selenium.remote.RemoteWebDriver.findElement(RemoteWebDriver.java:315)\r\n\tat com.codeborne.selenide.impl.WebElementSelector.findElement(WebElementSelector.java:28)\r\n\tat com.codeborne.selenide.impl.ElementFinder.getWebElement(ElementFinder.java:74)\r\n\tat com.codeborne.selenide.impl.WebElementSource.checkCondition(WebElementSource.java:50)\r\n\t... 34 more\r\n"},"stage":"finished","steps":[],"attachments":[],"parameters":[],"start":1645094277909,"stop":1645094286380}],"attachments":[],"parameters":[],"start":1645094277845,"stop":1645094286380}],"attachments":[],"parameters":[],"start":1645094257899,"stop":1645094286388,"uuid":"b4d7e835-0635-4cbe-b98e-86f3b564ec0d","historyId":"4bc3b8596088c64fe94b4e5efe7fd547","fullName":"BywithLogin.buy_someproducts","labels":[{"name":"package","value":"BywithLogin"},{"name":"testClass","value":"BywithLogin"},{"name":"testMethod","value":"buy_someproducts"},{"name":"parentSuite","value":"Default Suite"},{"name":"suite","value":"Veli.store"},{"name":"subSuite","value":"BywithLogin"},{"name":"host","value":"DESKTOP-SBHM82R"},{"name":"thread","value":"10600@DESKTOP-SBHM82R.main(1)"},{"name":"framework","value":"testng"},{"name":"language","value":"java"},{"name":"severity","value":"critical"}],"links":[]}