{"name":"buy_someproducts","status":"failed","statusDetails":{"known":false,"muted":false,"flaky":false,"message":"Element not found {#cardNumber}\nExpected: visible","trace":"Element not found {#cardNumber}\nExpected: visible\nScreenshot: file:/D:/Veli.store/build/reports/tests/1645108729519.0.png\nPage source: file:/D:/Veli.store/build/reports/tests/1645108729519.0.html\nTimeout: 12 s.\nCaused by: NoSuchElementException: no such element: Unable to locate element: {\"method\":\"css selector\",\"selector\":\"#cardNumber\"}\r\n\tat com.codeborne.selenide.impl.WebElementSource.createElementNotFoundError(WebElementSource.java:37)\r\n\tat com.codeborne.selenide.impl.ElementFinder.createElementNotFoundError(ElementFinder.java:100)\r\n\tat com.codeborne.selenide.impl.WebElementSource.checkCondition(WebElementSource.java:65)\r\n\tat com.codeborne.selenide.commands.Should.should(Should.java:35)\r\n\tat com.codeborne.selenide.commands.Should.execute(Should.java:29)\r\n\tat com.codeborne.selenide.commands.Should.execute(Should.java:12)\r\n\tat com.codeborne.selenide.commands.Commands.execute(Commands.java:144)\r\n\tat com.codeborne.selenide.impl.SelenideElementProxy.dispatchAndRetry(SelenideElementProxy.java:99)\r\n\tat com.codeborne.selenide.impl.SelenideElementProxy.invoke(SelenideElementProxy.java:65)\r\n\tat jdk.proxy2/jdk.proxy2.$Proxy15.waitUntil(Unknown Source)\r\n\tat Veli.Store.StepObject.step_two.Add_Card(step_two.java:621)\r\n\tat BywithLogin.buy_someproducts(BywithLogin.java:50)\r\n\tat java.base/jdk.internal.reflect.NativeMethodAccessorImpl.invoke0(Native Method)\r\n\tat java.base/jdk.internal.reflect.NativeMethodAccessorImpl.invoke(NativeMethodAccessorImpl.java:78)\r\n\tat java.base/jdk.internal.reflect.DelegatingMethodAccessorImpl.invoke(DelegatingMethodAccessorImpl.java:43)\r\n\tat java.base/java.lang.reflect.Method.invoke(Method.java:567)\r\n\tat org.testng.internal.MethodInvocationHelper.invokeMethod(MethodInvocationHelper.java:124)\r\n\tat org.testng.internal.Invoker.invokeMethod(Invoker.java:583)\r\n\tat org.testng.internal.Invoker.invokeTestMethod(Invoker.java:719)\r\n\tat org.testng.internal.Invoker.invokeTestMethods(Invoker.java:989)\r\n\tat org.testng.internal.TestMethodWorker.invokeTestMethods(TestMethodWorker.java:125)\r\n\tat org.testng.internal.TestMethodWorker.run(TestMethodWorker.java:109)\r\n\tat org.testng.TestRunner.privateRun(TestRunner.java:648)\r\n\tat org.testng.TestRunner.run(TestRunner.java:505)\r\n\tat org.testng.SuiteRunner.runTest(SuiteRunner.java:455)\r\n\tat org.testng.SuiteRunner.runSequentially(SuiteRunner.java:450)\r\n\tat org.testng.SuiteRunner.privateRun(SuiteRunner.java:415)\r\n\tat org.testng.SuiteRunner.run(SuiteRunner.java:364)\r\n\tat org.testng.SuiteRunnerWorker.runSuite(SuiteRunnerWorker.java:52)\r\n\tat org.testng.SuiteRunnerWorker.run(SuiteRunnerWorker.java:84)\r\n\tat org.testng.TestNG.runSuitesSequentially(TestNG.java:1208)\r\n\tat org.testng.TestNG.runSuitesLocally(TestNG.java:1137)\r\n\tat org.testng.TestNG.runSuites(TestNG.java:1049)\r\n\tat org.testng.TestNG.run(TestNG.java:1017)\r\n\tat com.intellij.rt.testng.IDEARemoteTestNG.run(IDEARemoteTestNG.java:66)\r\n\tat com.intellij.rt.testng.RemoteTestNGStarter.main(RemoteTestNGStarter.java:109)\r\nCaused by: org.openqa.selenium.NoSuchElementException: no such element: Unable to locate element: {\"method\":\"css selector\",\"selector\":\"#cardNumber\"}\n  (Session info: chrome=98.0.4758.82)\nFor documentation on this error, please visit: https://www.seleniumhq.org/exceptions/no_such_element.html\nBuild info: version: '3.141.59', revision: 'e82be7d358', time: '2018-11-14T08:17:03'\nSystem info: host: 'DESKTOP-SBHM82R', ip: '192.168.100.6', os.name: 'Windows 10', os.arch: 'amd64', os.version: '10.0', java.version: '16'\nDriver info: org.openqa.selenium.chrome.ChromeDriver\nCapabilities {acceptInsecureCerts: false, browserName: chrome, browserVersion: 98.0.4758.82, chrome: {chromedriverVersion: 98.0.4758.80 (7f0488e8ba0d8..., userDataDir: C:\\Users\\HP\\AppData\\Local\\T...}, goog:chromeOptions: {debuggerAddress: localhost:59427}, javascriptEnabled: true, networkConnectionEnabled: false, pageLoadStrategy: normal, platform: WINDOWS, platformName: WINDOWS, proxy: Proxy(), setWindowRect: true, strictFileInteractability: false, timeouts: {implicit: 0, pageLoad: 300000, script: 30000}, unhandledPromptBehavior: dismiss and notify, webauthn:extension:credBlob: true, webauthn:extension:largeBlob: true, webauthn:virtualAuthenticators: true}\nSession ID: d7d75eca6fc7abd333fabe2aeb8525eb\n*** Element info: {Using=css selector, value=#cardNumber}\r\n\tat jdk.internal.reflect.GeneratedConstructorAccessor11.newInstance(Unknown Source)\r\n\tat java.base/jdk.internal.reflect.DelegatingConstructorAccessorImpl.newInstance(DelegatingConstructorAccessorImpl.java:45)\r\n\tat java.base/java.lang.reflect.Constructor.newInstanceWithCaller(Constructor.java:499)\r\n\tat java.base/java.lang.reflect.Constructor.newInstance(Constructor.java:480)\r\n\tat org.openqa.selenium.remote.http.W3CHttpResponseCodec.createException(W3CHttpResponseCodec.java:187)\r\n\tat org.openqa.selenium.remote.http.W3CHttpResponseCodec.decode(W3CHttpResponseCodec.java:122)\r\n\tat org.openqa.selenium.remote.http.W3CHttpResponseCodec.decode(W3CHttpResponseCodec.java:49)\r\n\tat org.openqa.selenium.remote.HttpCommandExecutor.execute(HttpCommandExecutor.java:158)\r\n\tat org.openqa.selenium.remote.service.DriverCommandExecutor.execute(DriverCommandExecutor.java:83)\r\n\tat org.openqa.selenium.remote.RemoteWebDriver.execute(RemoteWebDriver.java:552)\r\n\tat org.openqa.selenium.remote.RemoteWebDriver.findElement(RemoteWebDriver.java:323)\r\n\tat org.openqa.selenium.remote.RemoteWebDriver.findElementByCssSelector(RemoteWebDriver.java:420)\r\n\tat org.openqa.selenium.By$ByCssSelector.findElement(By.java:431)\r\n\tat org.openqa.selenium.remote.RemoteWebDriver.findElement(RemoteWebDriver.java:315)\r\n\tat com.codeborne.selenide.impl.WebElementSelector.findElement(WebElementSelector.java:28)\r\n\tat com.codeborne.selenide.impl.ElementFinder.getWebElement(ElementFinder.java:74)\r\n\tat com.codeborne.selenide.impl.WebElementSource.checkCondition(WebElementSource.java:50)\r\n\t... 33 more\r\n"},"stage":"finished","description":"buy detail test description","steps":[{"name":"Terms of use","status":"passed","stage":"finished","steps":[],"attachments":[],"parameters":[],"start":1645108688774,"stop":1645108688906},{"name":"accept","status":"passed","stage":"finished","steps":[],"attachments":[],"parameters":[],"start":1645108688907,"stop":1645108689021},{"name":"login steps","status":"passed","stage":"finished","steps":[{"name":"Enter the account","status":"passed","stage":"finished","steps":[],"attachments":[],"parameters":[],"start":1645108689022,"stop":1645108697267},{"name":"Log in title   ","status":"passed","stage":"finished","steps":[],"attachments":[],"parameters":[],"start":1645108697267,"stop":1645108697460},{"name":"Check avtorization visibility","status":"passed","stage":"finished","steps":[],"attachments":[],"parameters":[],"start":1645108697460,"stop":1645108697504},{"name":"Check registration visibility","status":"passed","stage":"finished","steps":[],"attachments":[],"parameters":[],"start":1645108697504,"stop":1645108697542},{"name":"Log in email","status":"passed","stage":"finished","steps":[],"attachments":[],"parameters":[{"name":"Some_mail","value":"vachika@mail.ru"}],"start":1645108697544,"stop":1645108701778},{"name":"Log in password ","status":"passed","stage":"finished","steps":[],"attachments":[],"parameters":[{"name":"Some_pass","value":"vache1920"}],"start":1645108701778,"stop":1645108701960},{"name":"check forget password visibility","status":"passed","stage":"finished","steps":[],"attachments":[],"parameters":[],"start":1645108701960,"stop":1645108701992},{"name":"Enter","status":"passed","stage":"finished","steps":[],"attachments":[],"parameters":[],"start":1645108701993,"stop":1645108702092}],"attachments":[],"parameters":[],"start":1645108689021,"stop":1645108702092},{"name":"Search","status":"passed","stage":"finished","steps":[],"attachments":[],"parameters":[{"name":"some_thing","value":"პაპია"}],"start":1645108702093,"stop":1645108703689},{"name":"click product with link texts","status":"passed","stage":"finished","steps":[],"attachments":[],"parameters":[],"start":1645108703690,"stop":1645108706087},{"name":"Check price visebility","status":"passed","stage":"finished","steps":[],"attachments":[],"parameters":[],"start":1645108706088,"stop":1645108706133},{"name":"click buy button","status":"passed","stage":"finished","steps":[],"attachments":[],"parameters":[],"start":1645108706133,"stop":1645108706752},{"name":"Name and last name  input ","status":"passed","stage":"finished","steps":[],"attachments":[],"parameters":[],"start":1645108706753,"stop":1645108707391},{"name":"Email input ","status":"passed","stage":"finished","steps":[],"attachments":[],"parameters":[],"start":1645108707391,"stop":1645108707425},{"name":"Number input ","status":"passed","stage":"finished","steps":[],"attachments":[],"parameters":[],"start":1645108707425,"stop":1645108707456},{"name":"Cart Content product  sale, deliver fee , total cost","status":"passed","stage":"finished","steps":[{"name":"Cart title visebility","status":"passed","stage":"finished","steps":[],"attachments":[],"parameters":[],"start":1645108707458,"stop":1645108707510},{"name":"Enter Promo Code","status":"passed","stage":"finished","steps":[],"attachments":[],"parameters":[],"start":1645108707511,"stop":1645108707543},{"name":"Check cart product visebility","status":"passed","stage":"finished","steps":[],"attachments":[],"parameters":[],"start":1645108707543,"stop":1645108707578},{"name":"Check cart product visebility","status":"passed","stage":"finished","steps":[],"attachments":[],"parameters":[],"start":1645108707578,"stop":1645108707612},{"name":"Product Sale","status":"passed","stage":"finished","steps":[],"attachments":[],"parameters":[],"start":1645108707612,"stop":1645108707644},{"name":"total cost","status":"passed","stage":"finished","steps":[],"attachments":[],"parameters":[],"start":1645108707644,"stop":1645108707678},{"name":"Safe methods title","status":"passed","stage":"finished","steps":[],"attachments":[],"parameters":[],"start":1645108707678,"stop":1645108707706}],"attachments":[],"parameters":[],"start":1645108707457,"stop":1645108707706},{"name":"Click continue button","status":"passed","stage":"finished","steps":[],"attachments":[],"parameters":[],"start":1645108707706,"stop":1645108707866},{"name":"Click continue button","status":"passed","stage":"finished","steps":[],"attachments":[],"parameters":[{"name":"top","value":"false"}],"start":1645108707868,"stop":1645108707925},{"name":"Check free delivery visebility","status":"passed","stage":"finished","steps":[],"attachments":[],"parameters":[],"start":1645108707925,"stop":1645108707958},{"name":"Click addres","status":"passed","stage":"finished","steps":[],"attachments":[],"parameters":[],"start":1645108707959,"stop":1645108708098},{"name":"Check address visebility","status":"passed","stage":"finished","steps":[],"attachments":[],"parameters":[],"start":1645108708098,"stop":1645108708142},{"name":"Select the  address","status":"passed","stage":"finished","steps":[],"attachments":[],"parameters":[],"start":1645108708142,"stop":1645108708566},{"name":"Select delivery time ","status":"passed","stage":"finished","steps":[],"attachments":[],"parameters":[],"start":1645108708566,"stop":1645108708601},{"name":"Select date","status":"passed","stage":"finished","steps":[],"attachments":[],"parameters":[],"start":1645108708601,"stop":1645108708730},{"name":"Leave the order at the door","status":"passed","stage":"finished","steps":[],"attachments":[],"parameters":[],"start":1645108708730,"stop":1645108708853},{"name":"Dont ring the bell ","status":"passed","stage":"finished","steps":[],"attachments":[],"parameters":[],"start":1645108708853,"stop":1645108708952},{"name":"Enter next btn","status":"passed","stage":"finished","steps":[],"attachments":[],"parameters":[],"start":1645108708952,"stop":1645108709097},{"name":"Check pay visebility","status":"passed","stage":"finished","steps":[],"attachments":[],"parameters":[],"start":1645108709097,"stop":1645108709127},{"name":"Check recepient visebility","status":"passed","stage":"finished","steps":[],"attachments":[],"parameters":[],"start":1645108709127,"stop":1645108709168},{"name":"Check Deliber visebility","status":"passed","stage":"finished","steps":[],"attachments":[],"parameters":[],"start":1645108709168,"stop":1645108709201},{"name":"Checj products in cart visebility","status":"passed","stage":"finished","steps":[],"attachments":[],"parameters":[],"start":1645108709201,"stop":1645108709230},{"name":"Add card and pay","status":"passed","stage":"finished","steps":[],"attachments":[],"parameters":[],"start":1645108709230,"stop":1645108717379},{"name":"Add Your Card","status":"failed","statusDetails":{"known":false,"muted":false,"flaky":false,"message":"Element not found {#cardNumber}\nExpected: visible","trace":"Element not found {#cardNumber}\nExpected: visible\nScreenshot: file:/D:/Veli.store/build/reports/tests/1645108729519.0.png\nPage source: file:/D:/Veli.store/build/reports/tests/1645108729519.0.html\nTimeout: 12 s.\nCaused by: NoSuchElementException: no such element: Unable to locate element: {\"method\":\"css selector\",\"selector\":\"#cardNumber\"}\r\n\tat com.codeborne.selenide.impl.WebElementSource.createElementNotFoundError(WebElementSource.java:37)\r\n\tat com.codeborne.selenide.impl.ElementFinder.createElementNotFoundError(ElementFinder.java:100)\r\n\tat com.codeborne.selenide.impl.WebElementSource.checkCondition(WebElementSource.java:65)\r\n\tat com.codeborne.selenide.commands.Should.should(Should.java:35)\r\n\tat com.codeborne.selenide.commands.Should.execute(Should.java:29)\r\n\tat com.codeborne.selenide.commands.Should.execute(Should.java:12)\r\n\tat com.codeborne.selenide.commands.Commands.execute(Commands.java:144)\r\n\tat com.codeborne.selenide.impl.SelenideElementProxy.dispatchAndRetry(SelenideElementProxy.java:99)\r\n\tat com.codeborne.selenide.impl.SelenideElementProxy.invoke(SelenideElementProxy.java:65)\r\n\tat jdk.proxy2/jdk.proxy2.$Proxy15.waitUntil(Unknown Source)\r\n\tat Veli.Store.StepObject.step_two.Add_Card(step_two.java:621)\r\n\tat BywithLogin.buy_someproducts(BywithLogin.java:50)\r\n\tat java.base/jdk.internal.reflect.NativeMethodAccessorImpl.invoke0(Native Method)\r\n\tat java.base/jdk.internal.reflect.NativeMethodAccessorImpl.invoke(NativeMethodAccessorImpl.java:78)\r\n\tat java.base/jdk.internal.reflect.DelegatingMethodAccessorImpl.invoke(DelegatingMethodAccessorImpl.java:43)\r\n\tat java.base/java.lang.reflect.Method.invoke(Method.java:567)\r\n\tat org.testng.internal.MethodInvocationHelper.invokeMethod(MethodInvocationHelper.java:124)\r\n\tat org.testng.internal.Invoker.invokeMethod(Invoker.java:583)\r\n\tat org.testng.internal.Invoker.invokeTestMethod(Invoker.java:719)\r\n\tat org.testng.internal.Invoker.invokeTestMethods(Invoker.java:989)\r\n\tat org.testng.internal.TestMethodWorker.invokeTestMethods(TestMethodWorker.java:125)\r\n\tat org.testng.internal.TestMethodWorker.run(TestMethodWorker.java:109)\r\n\tat org.testng.TestRunner.privateRun(TestRunner.java:648)\r\n\tat org.testng.TestRunner.run(TestRunner.java:505)\r\n\tat org.testng.SuiteRunner.runTest(SuiteRunner.java:455)\r\n\tat org.testng.SuiteRunner.runSequentially(SuiteRunner.java:450)\r\n\tat org.testng.SuiteRunner.privateRun(SuiteRunner.java:415)\r\n\tat org.testng.SuiteRunner.run(SuiteRunner.java:364)\r\n\tat org.testng.SuiteRunnerWorker.runSuite(SuiteRunnerWorker.java:52)\r\n\tat org.testng.SuiteRunnerWorker.run(SuiteRunnerWorker.java:84)\r\n\tat org.testng.TestNG.runSuitesSequentially(TestNG.java:1208)\r\n\tat org.testng.TestNG.runSuitesLocally(TestNG.java:1137)\r\n\tat org.testng.TestNG.runSuites(TestNG.java:1049)\r\n\tat org.testng.TestNG.run(TestNG.java:1017)\r\n\tat com.intellij.rt.testng.IDEARemoteTestNG.run(IDEARemoteTestNG.java:66)\r\n\tat com.intellij.rt.testng.RemoteTestNGStarter.main(RemoteTestNGStarter.java:109)\r\nCaused by: org.openqa.selenium.NoSuchElementException: no such element: Unable to locate element: {\"method\":\"css selector\",\"selector\":\"#cardNumber\"}\n  (Session info: chrome=98.0.4758.82)\nFor documentation on this error, please visit: https://www.seleniumhq.org/exceptions/no_such_element.html\nBuild info: version: '3.141.59', revision: 'e82be7d358', time: '2018-11-14T08:17:03'\nSystem info: host: 'DESKTOP-SBHM82R', ip: '192.168.100.6', os.name: 'Windows 10', os.arch: 'amd64', os.version: '10.0', java.version: '16'\nDriver info: org.openqa.selenium.chrome.ChromeDriver\nCapabilities {acceptInsecureCerts: false, browserName: chrome, browserVersion: 98.0.4758.82, chrome: {chromedriverVersion: 98.0.4758.80 (7f0488e8ba0d8..., userDataDir: C:\\Users\\HP\\AppData\\Local\\T...}, goog:chromeOptions: {debuggerAddress: localhost:59427}, javascriptEnabled: true, networkConnectionEnabled: false, pageLoadStrategy: normal, platform: WINDOWS, platformName: WINDOWS, proxy: Proxy(), setWindowRect: true, strictFileInteractability: false, timeouts: {implicit: 0, pageLoad: 300000, script: 30000}, unhandledPromptBehavior: dismiss and notify, webauthn:extension:credBlob: true, webauthn:extension:largeBlob: true, webauthn:virtualAuthenticators: true}\nSession ID: d7d75eca6fc7abd333fabe2aeb8525eb\n*** Element info: {Using=css selector, value=#cardNumber}\r\n\tat jdk.internal.reflect.GeneratedConstructorAccessor11.newInstance(Unknown Source)\r\n\tat java.base/jdk.internal.reflect.DelegatingConstructorAccessorImpl.newInstance(DelegatingConstructorAccessorImpl.java:45)\r\n\tat java.base/java.lang.reflect.Constructor.newInstanceWithCaller(Constructor.java:499)\r\n\tat java.base/java.lang.reflect.Constructor.newInstance(Constructor.java:480)\r\n\tat org.openqa.selenium.remote.http.W3CHttpResponseCodec.createException(W3CHttpResponseCodec.java:187)\r\n\tat org.openqa.selenium.remote.http.W3CHttpResponseCodec.decode(W3CHttpResponseCodec.java:122)\r\n\tat org.openqa.selenium.remote.http.W3CHttpResponseCodec.decode(W3CHttpResponseCodec.java:49)\r\n\tat org.openqa.selenium.remote.HttpCommandExecutor.execute(HttpCommandExecutor.java:158)\r\n\tat org.openqa.selenium.remote.service.DriverCommandExecutor.execute(DriverCommandExecutor.java:83)\r\n\tat org.openqa.selenium.remote.RemoteWebDriver.execute(RemoteWebDriver.java:552)\r\n\tat org.openqa.selenium.remote.RemoteWebDriver.findElement(RemoteWebDriver.java:323)\r\n\tat org.openqa.selenium.remote.RemoteWebDriver.findElementByCssSelector(RemoteWebDriver.java:420)\r\n\tat org.openqa.selenium.By$ByCssSelector.findElement(By.java:431)\r\n\tat org.openqa.selenium.remote.RemoteWebDriver.findElement(RemoteWebDriver.java:315)\r\n\tat com.codeborne.selenide.impl.WebElementSelector.findElement(WebElementSelector.java:28)\r\n\tat com.codeborne.selenide.impl.ElementFinder.getWebElement(ElementFinder.java:74)\r\n\tat com.codeborne.selenide.impl.WebElementSource.checkCondition(WebElementSource.java:50)\r\n\t... 33 more\r\n"},"stage":"finished","steps":[],"attachments":[],"parameters":[],"start":1645108717379,"stop":1645108729862}],"attachments":[],"parameters":[],"start":1645108688467,"stop":1645108729883,"uuid":"c7831648-5234-4106-b2e4-38a83db5e23e","historyId":"4bc3b8596088c64fe94b4e5efe7fd547","fullName":"BywithLogin.buy_someproducts","labels":[{"name":"package","value":"BywithLogin"},{"name":"testClass","value":"BywithLogin"},{"name":"testMethod","value":"buy_someproducts"},{"name":"parentSuite","value":"Default Suite"},{"name":"suite","value":"Veli.store"},{"name":"subSuite","value":"BywithLogin"},{"name":"host","value":"DESKTOP-SBHM82R"},{"name":"thread","value":"7692@DESKTOP-SBHM82R.main(1)"},{"name":"framework","value":"testng"},{"name":"language","value":"java"},{"name":"severity","value":"critical"}],"links":[]}