{"name":"buy_someproducts","status":"failed","statusDetails":{"known":false,"muted":false,"flaky":false,"message":"ElementClickInterceptedException: element click intercepted: Element <button class=\"cart header-hover\" id=\"cart-button\">...</button> is not clickable at point (1151, 78). Other element would receive the click: <div class=\"styled__CheckoutModal-sc-1yijk8q-38 cMidVX\">...</div>\n  (Session info: chrome=98.0.4758.82)\nBuild info: version: '3.141.59', revision: 'e82be7d358', time: '2018-11-14T08:17:03'\nSystem info: host: 'DESKTOP-SBHM82R', ip: '192.168.100.11', os.name: 'Windows 10', os.arch: 'amd64', os.version: '10.0', java.version: '16'\nDriver info: org.openqa.selenium.chrome.ChromeDriver\nCapabilities {acceptInsecureCerts: false, browserName: chrome, browserVersion: 98.0.4758.82, chrome: {chromedriverVersion: 98.0.4758.80 (7f0488e8ba0d8..., userDataDir: C:\\Users\\HP\\AppData\\Local\\T...}, goog:chromeOptions: {debuggerAddress: localhost:61432}, javascriptEnabled: true, networkConnectionEnabled: false, pageLoadStrategy: normal, platform: WINDOWS, platformName: WINDOWS, proxy: Proxy(), setWindowRect: true, strictFileInteractability: false, timeouts: {implicit: 0, pageLoad: 300000, script: 30000}, unhandledPromptBehavior: dismiss and notify, webauthn:extension:credBlob: true, webauthn:extension:largeBlob: true, webauthn:virtualAuthenticators: true}\nSession ID: ac85cb987593daae40dea3d5e378f9cb","trace":"org.openqa.selenium.ElementClickInterceptedException: element click intercepted: Element <button class=\"cart header-hover\" id=\"cart-button\">...</button> is not clickable at point (1151, 78). Other element would receive the click: <div class=\"styled__CheckoutModal-sc-1yijk8q-38 cMidVX\">...</div>\n  (Session info: chrome=98.0.4758.82)\nBuild info: version: '3.141.59', revision: 'e82be7d358', time: '2018-11-14T08:17:03'\nSystem info: host: 'DESKTOP-SBHM82R', ip: '192.168.100.11', os.name: 'Windows 10', os.arch: 'amd64', os.version: '10.0', java.version: '16'\nDriver info: org.openqa.selenium.chrome.ChromeDriver\nCapabilities {acceptInsecureCerts: false, browserName: chrome, browserVersion: 98.0.4758.82, chrome: {chromedriverVersion: 98.0.4758.80 (7f0488e8ba0d8..., userDataDir: C:\\Users\\HP\\AppData\\Local\\T...}, goog:chromeOptions: {debuggerAddress: localhost:61432}, javascriptEnabled: true, networkConnectionEnabled: false, pageLoadStrategy: normal, platform: WINDOWS, platformName: WINDOWS, proxy: Proxy(), setWindowRect: true, strictFileInteractability: false, timeouts: {implicit: 0, pageLoad: 300000, script: 30000}, unhandledPromptBehavior: dismiss and notify, webauthn:extension:credBlob: true, webauthn:extension:largeBlob: true, webauthn:virtualAuthenticators: true}\nSession ID: ac85cb987593daae40dea3d5e378f9cb\nScreenshot: file:/D:/Veli.store/build/reports/tests/1644916805891.0.png\nPage source: file:/D:/Veli.store/build/reports/tests/1644916805891.0.html\nTimeout: 4 s.\nCaused by: ElementClickInterceptedException: element click intercepted: Element <button class=\"cart header-hover\" id=\"cart-button\">...</button> is not clickable at point (1151, 78). Other element would receive the click: <div class=\"styled__CheckoutModal-sc-1yijk8q-38 cMidVX\">...</div>\r\n\tat com.codeborne.selenide.impl.SelenideElementProxy.dispatchAndRetry(SelenideElementProxy.java:125)\r\n\tat com.codeborne.selenide.impl.SelenideElementProxy.invoke(SelenideElementProxy.java:65)\r\n\tat jdk.proxy2/jdk.proxy2.$Proxy15.click(Unknown Source)\r\n\tat Veli.Store.StepObject.step_two.Cart_title(step_two.java:580)\r\n\tat BywithLogin.buy_someproducts(BywithLogin.java:46)\r\n\tat java.base/jdk.internal.reflect.NativeMethodAccessorImpl.invoke0(Native Method)\r\n\tat java.base/jdk.internal.reflect.NativeMethodAccessorImpl.invoke(NativeMethodAccessorImpl.java:78)\r\n\tat java.base/jdk.internal.reflect.DelegatingMethodAccessorImpl.invoke(DelegatingMethodAccessorImpl.java:43)\r\n\tat java.base/java.lang.reflect.Method.invoke(Method.java:567)\r\n\tat org.testng.internal.MethodInvocationHelper.invokeMethod(MethodInvocationHelper.java:124)\r\n\tat org.testng.internal.Invoker.invokeMethod(Invoker.java:583)\r\n\tat org.testng.internal.Invoker.invokeTestMethod(Invoker.java:719)\r\n\tat org.testng.internal.Invoker.invokeTestMethods(Invoker.java:989)\r\n\tat org.testng.internal.TestMethodWorker.invokeTestMethods(TestMethodWorker.java:125)\r\n\tat org.testng.internal.TestMethodWorker.run(TestMethodWorker.java:109)\r\n\tat org.testng.TestRunner.privateRun(TestRunner.java:648)\r\n\tat org.testng.TestRunner.run(TestRunner.java:505)\r\n\tat org.testng.SuiteRunner.runTest(SuiteRunner.java:455)\r\n\tat org.testng.SuiteRunner.runSequentially(SuiteRunner.java:450)\r\n\tat org.testng.SuiteRunner.privateRun(SuiteRunner.java:415)\r\n\tat org.testng.SuiteRunner.run(SuiteRunner.java:364)\r\n\tat org.testng.SuiteRunnerWorker.runSuite(SuiteRunnerWorker.java:52)\r\n\tat org.testng.SuiteRunnerWorker.run(SuiteRunnerWorker.java:84)\r\n\tat org.testng.TestNG.runSuitesSequentially(TestNG.java:1208)\r\n\tat org.testng.TestNG.runSuitesLocally(TestNG.java:1137)\r\n\tat org.testng.TestNG.runSuites(TestNG.java:1049)\r\n\tat org.testng.TestNG.run(TestNG.java:1017)\r\n\tat com.intellij.rt.testng.IDEARemoteTestNG.run(IDEARemoteTestNG.java:66)\r\n\tat com.intellij.rt.testng.RemoteTestNGStarter.main(RemoteTestNGStarter.java:109)\r\nCaused by: org.openqa.selenium.ElementClickInterceptedException: element click intercepted: Element <button class=\"cart header-hover\" id=\"cart-button\">...</button> is not clickable at point (1151, 78). Other element would receive the click: <div class=\"styled__CheckoutModal-sc-1yijk8q-38 cMidVX\">...</div>\n  (Session info: chrome=98.0.4758.82)\nBuild info: version: '3.141.59', revision: 'e82be7d358', time: '2018-11-14T08:17:03'\nSystem info: host: 'DESKTOP-SBHM82R', ip: '192.168.100.11', os.name: 'Windows 10', os.arch: 'amd64', os.version: '10.0', java.version: '16'\nDriver info: org.openqa.selenium.chrome.ChromeDriver\nCapabilities {acceptInsecureCerts: false, browserName: chrome, browserVersion: 98.0.4758.82, chrome: {chromedriverVersion: 98.0.4758.80 (7f0488e8ba0d8..., userDataDir: C:\\Users\\HP\\AppData\\Local\\T...}, goog:chromeOptions: {debuggerAddress: localhost:61432}, javascriptEnabled: true, networkConnectionEnabled: false, pageLoadStrategy: normal, platform: WINDOWS, platformName: WINDOWS, proxy: Proxy(), setWindowRect: true, strictFileInteractability: false, timeouts: {implicit: 0, pageLoad: 300000, script: 30000}, unhandledPromptBehavior: dismiss and notify, webauthn:extension:credBlob: true, webauthn:extension:largeBlob: true, webauthn:virtualAuthenticators: true}\nSession ID: ac85cb987593daae40dea3d5e378f9cb\r\n\tat java.base/jdk.internal.reflect.NativeConstructorAccessorImpl.newInstance0(Native Method)\r\n\tat java.base/jdk.internal.reflect.NativeConstructorAccessorImpl.newInstance(NativeConstructorAccessorImpl.java:78)\r\n\tat java.base/jdk.internal.reflect.DelegatingConstructorAccessorImpl.newInstance(DelegatingConstructorAccessorImpl.java:45)\r\n\tat java.base/java.lang.reflect.Constructor.newInstanceWithCaller(Constructor.java:499)\r\n\tat java.base/java.lang.reflect.Constructor.newInstance(Constructor.java:480)\r\n\tat org.openqa.selenium.remote.http.W3CHttpResponseCodec.createException(W3CHttpResponseCodec.java:187)\r\n\tat org.openqa.selenium.remote.http.W3CHttpResponseCodec.decode(W3CHttpResponseCodec.java:122)\r\n\tat org.openqa.selenium.remote.http.W3CHttpResponseCodec.decode(W3CHttpResponseCodec.java:49)\r\n\tat org.openqa.selenium.remote.HttpCommandExecutor.execute(HttpCommandExecutor.java:158)\r\n\tat org.openqa.selenium.remote.service.DriverCommandExecutor.execute(DriverCommandExecutor.java:83)\r\n\tat org.openqa.selenium.remote.RemoteWebDriver.execute(RemoteWebDriver.java:552)\r\n\tat org.openqa.selenium.remote.RemoteWebElement.execute(RemoteWebElement.java:285)\r\n\tat org.openqa.selenium.remote.RemoteWebElement.click(RemoteWebElement.java:84)\r\n\tat com.codeborne.selenide.commands.Click.click(Click.java:26)\r\n\tat com.codeborne.selenide.commands.Click.execute(Click.java:13)\r\n\tat com.codeborne.selenide.commands.Click.execute(Click.java:9)\r\n\tat com.codeborne.selenide.commands.Commands.execute(Commands.java:144)\r\n\tat com.codeborne.selenide.impl.SelenideElementProxy.dispatchAndRetry(SelenideElementProxy.java:99)\r\n\t... 28 more\r\n"},"stage":"finished","description":"buy detail test description","steps":[{"name":"login steps","status":"passed","stage":"finished","steps":[{"name":"Enter the account","status":"passed","stage":"finished","steps":[],"attachments":[],"parameters":[],"start":1644916777626,"stop":1644916786006},{"name":"Log in title   ","status":"passed","stage":"finished","steps":[],"attachments":[],"parameters":[],"start":1644916786007,"stop":1644916786208},{"name":"Check avtorization visibility","status":"passed","stage":"finished","steps":[],"attachments":[],"parameters":[],"start":1644916786208,"stop":1644916786254},{"name":"Check registration visibility","status":"passed","stage":"finished","steps":[],"attachments":[],"parameters":[],"start":1644916786254,"stop":1644916786295},{"name":"Log in email","status":"passed","stage":"finished","steps":[],"attachments":[],"parameters":[{"name":"Some_mail","value":"vachika@mail.ru"}],"start":1644916786300,"stop":1644916790486},{"name":"Log in password ","status":"passed","stage":"finished","steps":[],"attachments":[],"parameters":[{"name":"Some_pass","value":"vache1920"}],"start":1644916790486,"stop":1644916790635},{"name":"check forget password visibility","status":"passed","stage":"finished","steps":[],"attachments":[],"parameters":[],"start":1644916790635,"stop":1644916790666},{"name":"Enter","status":"passed","stage":"finished","steps":[],"attachments":[],"parameters":[],"start":1644916790666,"stop":1644916790786}],"attachments":[],"parameters":[],"start":1644916777624,"stop":1644916790786},{"name":"Search","status":"passed","stage":"finished","steps":[],"attachments":[],"parameters":[{"name":"some_thing","value":"პაპია"}],"start":1644916790787,"stop":1644916792044},{"name":"click product with link texts","status":"passed","stage":"finished","steps":[],"attachments":[],"parameters":[],"start":1644916792045,"stop":1644916794527},{"name":"Check price visebility","status":"passed","stage":"finished","steps":[],"attachments":[],"parameters":[],"start":1644916794527,"stop":1644916794558},{"name":"click buy button","status":"passed","stage":"finished","steps":[],"attachments":[],"parameters":[],"start":1644916794558,"stop":1644916795083},{"name":"Name and last name  input ","status":"passed","stage":"finished","steps":[],"attachments":[],"parameters":[],"start":1644916795083,"stop":1644916795592},{"name":"Email input ","status":"passed","stage":"finished","steps":[],"attachments":[],"parameters":[],"start":1644916795592,"stop":1644916795623},{"name":"Number input ","status":"passed","stage":"finished","steps":[],"attachments":[],"parameters":[],"start":1644916795623,"stop":1644916795644},{"name":"Cart Content product  sale, deliver fee , total cost","status":"passed","stage":"finished","steps":[{"name":"Cart title visebility","status":"passed","stage":"finished","steps":[],"attachments":[],"parameters":[],"start":1644916795645,"stop":1644916795727},{"name":"Enter Promo Code","status":"passed","stage":"finished","steps":[],"attachments":[],"parameters":[],"start":1644916795728,"stop":1644916795759},{"name":"Check cart product visebility","status":"passed","stage":"finished","steps":[],"attachments":[],"parameters":[],"start":1644916795760,"stop":1644916795799},{"name":"Check cart product visebility","status":"passed","stage":"finished","steps":[],"attachments":[],"parameters":[],"start":1644916795799,"stop":1644916795829},{"name":"Product Sale","status":"passed","stage":"finished","steps":[],"attachments":[],"parameters":[],"start":1644916795829,"stop":1644916795859},{"name":"total cost","status":"passed","stage":"finished","steps":[],"attachments":[],"parameters":[],"start":1644916795860,"stop":1644916795887},{"name":"Safe methods title","status":"passed","stage":"finished","steps":[],"attachments":[],"parameters":[],"start":1644916795887,"stop":1644916795926}],"attachments":[],"parameters":[],"start":1644916795644,"stop":1644916795926},{"name":"Click continue button","status":"passed","stage":"finished","steps":[],"attachments":[],"parameters":[],"start":1644916795927,"stop":1644916796059},{"name":"Click continue button","status":"passed","stage":"finished","steps":[],"attachments":[],"parameters":[{"name":"top","value":"false"}],"start":1644916796060,"stop":1644916796124},{"name":"Check free delivery visebility","status":"passed","stage":"finished","steps":[],"attachments":[],"parameters":[],"start":1644916796125,"stop":1644916796161},{"name":"Click addres","status":"passed","stage":"finished","steps":[],"attachments":[],"parameters":[],"start":1644916796161,"stop":1644916796260},{"name":"Check address visebility","status":"passed","stage":"finished","steps":[],"attachments":[],"parameters":[],"start":1644916796260,"stop":1644916796282},{"name":"Select the  address","status":"passed","stage":"finished","steps":[],"attachments":[],"parameters":[],"start":1644916796282,"stop":1644916796707},{"name":"Select delivery time ","status":"passed","stage":"finished","steps":[],"attachments":[],"parameters":[],"start":1644916796707,"stop":1644916796742},{"name":"Select date","status":"passed","stage":"finished","steps":[],"attachments":[],"parameters":[],"start":1644916796742,"stop":1644916798199},{"name":"Leave the order at the door","status":"passed","stage":"finished","steps":[],"attachments":[],"parameters":[],"start":1644916798200,"stop":1644916798315},{"name":"Dont ring the bell ","status":"passed","stage":"finished","steps":[],"attachments":[],"parameters":[],"start":1644916798316,"stop":1644916798398},{"name":"Enter next btn","status":"passed","stage":"finished","steps":[],"attachments":[],"parameters":[],"start":1644916798398,"stop":1644916798516},{"name":"Check pay visebility","status":"passed","stage":"finished","steps":[],"attachments":[],"parameters":[],"start":1644916798517,"stop":1644916798550},{"name":"Check recepient visebility","status":"passed","stage":"finished","steps":[],"attachments":[],"parameters":[],"start":1644916798550,"stop":1644916798584},{"name":"Check Deliber visebility","status":"passed","stage":"finished","steps":[],"attachments":[],"parameters":[],"start":1644916798584,"stop":1644916798618},{"name":"Checj products in cart visebility","status":"passed","stage":"finished","steps":[],"attachments":[],"parameters":[],"start":1644916798619,"stop":1644916798650},{"name":"Show me in detail","status":"passed","stage":"finished","steps":[],"attachments":[],"parameters":[],"start":1644916798650,"stop":1644916801796},{"name":"Check the cart title during the checkout process","status":"failed","statusDetails":{"known":false,"muted":false,"flaky":false,"message":"ElementClickInterceptedException: element click intercepted: Element <button class=\"cart header-hover\" id=\"cart-button\">...</button> is not clickable at point (1151, 78). Other element would receive the click: <div class=\"styled__CheckoutModal-sc-1yijk8q-38 cMidVX\">...</div>\n  (Session info: chrome=98.0.4758.82)\nBuild info: version: '3.141.59', revision: 'e82be7d358', time: '2018-11-14T08:17:03'\nSystem info: host: 'DESKTOP-SBHM82R', ip: '192.168.100.11', os.name: 'Windows 10', os.arch: 'amd64', os.version: '10.0', java.version: '16'\nDriver info: org.openqa.selenium.chrome.ChromeDriver\nCapabilities {acceptInsecureCerts: false, browserName: chrome, browserVersion: 98.0.4758.82, chrome: {chromedriverVersion: 98.0.4758.80 (7f0488e8ba0d8..., userDataDir: C:\\Users\\HP\\AppData\\Local\\T...}, goog:chromeOptions: {debuggerAddress: localhost:61432}, javascriptEnabled: true, networkConnectionEnabled: false, pageLoadStrategy: normal, platform: WINDOWS, platformName: WINDOWS, proxy: Proxy(), setWindowRect: true, strictFileInteractability: false, timeouts: {implicit: 0, pageLoad: 300000, script: 30000}, unhandledPromptBehavior: dismiss and notify, webauthn:extension:credBlob: true, webauthn:extension:largeBlob: true, webauthn:virtualAuthenticators: true}\nSession ID: ac85cb987593daae40dea3d5e378f9cb","trace":"org.openqa.selenium.ElementClickInterceptedException: element click intercepted: Element <button class=\"cart header-hover\" id=\"cart-button\">...</button> is not clickable at point (1151, 78). Other element would receive the click: <div class=\"styled__CheckoutModal-sc-1yijk8q-38 cMidVX\">...</div>\n  (Session info: chrome=98.0.4758.82)\nBuild info: version: '3.141.59', revision: 'e82be7d358', time: '2018-11-14T08:17:03'\nSystem info: host: 'DESKTOP-SBHM82R', ip: '192.168.100.11', os.name: 'Windows 10', os.arch: 'amd64', os.version: '10.0', java.version: '16'\nDriver info: org.openqa.selenium.chrome.ChromeDriver\nCapabilities {acceptInsecureCerts: false, browserName: chrome, browserVersion: 98.0.4758.82, chrome: {chromedriverVersion: 98.0.4758.80 (7f0488e8ba0d8..., userDataDir: C:\\Users\\HP\\AppData\\Local\\T...}, goog:chromeOptions: {debuggerAddress: localhost:61432}, javascriptEnabled: true, networkConnectionEnabled: false, pageLoadStrategy: normal, platform: WINDOWS, platformName: WINDOWS, proxy: Proxy(), setWindowRect: true, strictFileInteractability: false, timeouts: {implicit: 0, pageLoad: 300000, script: 30000}, unhandledPromptBehavior: dismiss and notify, webauthn:extension:credBlob: true, webauthn:extension:largeBlob: true, webauthn:virtualAuthenticators: true}\nSession ID: ac85cb987593daae40dea3d5e378f9cb\nScreenshot: file:/D:/Veli.store/build/reports/tests/1644916805891.0.png\nPage source: file:/D:/Veli.store/build/reports/tests/1644916805891.0.html\nTimeout: 4 s.\nCaused by: ElementClickInterceptedException: element click intercepted: Element <button class=\"cart header-hover\" id=\"cart-button\">...</button> is not clickable at point (1151, 78). Other element would receive the click: <div class=\"styled__CheckoutModal-sc-1yijk8q-38 cMidVX\">...</div>\r\n\tat com.codeborne.selenide.impl.SelenideElementProxy.dispatchAndRetry(SelenideElementProxy.java:125)\r\n\tat com.codeborne.selenide.impl.SelenideElementProxy.invoke(SelenideElementProxy.java:65)\r\n\tat jdk.proxy2/jdk.proxy2.$Proxy15.click(Unknown Source)\r\n\tat Veli.Store.StepObject.step_two.Cart_title(step_two.java:580)\r\n\tat BywithLogin.buy_someproducts(BywithLogin.java:46)\r\n\tat java.base/jdk.internal.reflect.NativeMethodAccessorImpl.invoke0(Native Method)\r\n\tat java.base/jdk.internal.reflect.NativeMethodAccessorImpl.invoke(NativeMethodAccessorImpl.java:78)\r\n\tat java.base/jdk.internal.reflect.DelegatingMethodAccessorImpl.invoke(DelegatingMethodAccessorImpl.java:43)\r\n\tat java.base/java.lang.reflect.Method.invoke(Method.java:567)\r\n\tat org.testng.internal.MethodInvocationHelper.invokeMethod(MethodInvocationHelper.java:124)\r\n\tat org.testng.internal.Invoker.invokeMethod(Invoker.java:583)\r\n\tat org.testng.internal.Invoker.invokeTestMethod(Invoker.java:719)\r\n\tat org.testng.internal.Invoker.invokeTestMethods(Invoker.java:989)\r\n\tat org.testng.internal.TestMethodWorker.invokeTestMethods(TestMethodWorker.java:125)\r\n\tat org.testng.internal.TestMethodWorker.run(TestMethodWorker.java:109)\r\n\tat org.testng.TestRunner.privateRun(TestRunner.java:648)\r\n\tat org.testng.TestRunner.run(TestRunner.java:505)\r\n\tat org.testng.SuiteRunner.runTest(SuiteRunner.java:455)\r\n\tat org.testng.SuiteRunner.runSequentially(SuiteRunner.java:450)\r\n\tat org.testng.SuiteRunner.privateRun(SuiteRunner.java:415)\r\n\tat org.testng.SuiteRunner.run(SuiteRunner.java:364)\r\n\tat org.testng.SuiteRunnerWorker.runSuite(SuiteRunnerWorker.java:52)\r\n\tat org.testng.SuiteRunnerWorker.run(SuiteRunnerWorker.java:84)\r\n\tat org.testng.TestNG.runSuitesSequentially(TestNG.java:1208)\r\n\tat org.testng.TestNG.runSuitesLocally(TestNG.java:1137)\r\n\tat org.testng.TestNG.runSuites(TestNG.java:1049)\r\n\tat org.testng.TestNG.run(TestNG.java:1017)\r\n\tat com.intellij.rt.testng.IDEARemoteTestNG.run(IDEARemoteTestNG.java:66)\r\n\tat com.intellij.rt.testng.RemoteTestNGStarter.main(RemoteTestNGStarter.java:109)\r\nCaused by: org.openqa.selenium.ElementClickInterceptedException: element click intercepted: Element <button class=\"cart header-hover\" id=\"cart-button\">...</button> is not clickable at point (1151, 78). Other element would receive the click: <div class=\"styled__CheckoutModal-sc-1yijk8q-38 cMidVX\">...</div>\n  (Session info: chrome=98.0.4758.82)\nBuild info: version: '3.141.59', revision: 'e82be7d358', time: '2018-11-14T08:17:03'\nSystem info: host: 'DESKTOP-SBHM82R', ip: '192.168.100.11', os.name: 'Windows 10', os.arch: 'amd64', os.version: '10.0', java.version: '16'\nDriver info: org.openqa.selenium.chrome.ChromeDriver\nCapabilities {acceptInsecureCerts: false, browserName: chrome, browserVersion: 98.0.4758.82, chrome: {chromedriverVersion: 98.0.4758.80 (7f0488e8ba0d8..., userDataDir: C:\\Users\\HP\\AppData\\Local\\T...}, goog:chromeOptions: {debuggerAddress: localhost:61432}, javascriptEnabled: true, networkConnectionEnabled: false, pageLoadStrategy: normal, platform: WINDOWS, platformName: WINDOWS, proxy: Proxy(), setWindowRect: true, strictFileInteractability: false, timeouts: {implicit: 0, pageLoad: 300000, script: 30000}, unhandledPromptBehavior: dismiss and notify, webauthn:extension:credBlob: true, webauthn:extension:largeBlob: true, webauthn:virtualAuthenticators: true}\nSession ID: ac85cb987593daae40dea3d5e378f9cb\r\n\tat java.base/jdk.internal.reflect.NativeConstructorAccessorImpl.newInstance0(Native Method)\r\n\tat java.base/jdk.internal.reflect.NativeConstructorAccessorImpl.newInstance(NativeConstructorAccessorImpl.java:78)\r\n\tat java.base/jdk.internal.reflect.DelegatingConstructorAccessorImpl.newInstance(DelegatingConstructorAccessorImpl.java:45)\r\n\tat java.base/java.lang.reflect.Constructor.newInstanceWithCaller(Constructor.java:499)\r\n\tat java.base/java.lang.reflect.Constructor.newInstance(Constructor.java:480)\r\n\tat org.openqa.selenium.remote.http.W3CHttpResponseCodec.createException(W3CHttpResponseCodec.java:187)\r\n\tat org.openqa.selenium.remote.http.W3CHttpResponseCodec.decode(W3CHttpResponseCodec.java:122)\r\n\tat org.openqa.selenium.remote.http.W3CHttpResponseCodec.decode(W3CHttpResponseCodec.java:49)\r\n\tat org.openqa.selenium.remote.HttpCommandExecutor.execute(HttpCommandExecutor.java:158)\r\n\tat org.openqa.selenium.remote.service.DriverCommandExecutor.execute(DriverCommandExecutor.java:83)\r\n\tat org.openqa.selenium.remote.RemoteWebDriver.execute(RemoteWebDriver.java:552)\r\n\tat org.openqa.selenium.remote.RemoteWebElement.execute(RemoteWebElement.java:285)\r\n\tat org.openqa.selenium.remote.RemoteWebElement.click(RemoteWebElement.java:84)\r\n\tat com.codeborne.selenide.commands.Click.click(Click.java:26)\r\n\tat com.codeborne.selenide.commands.Click.execute(Click.java:13)\r\n\tat com.codeborne.selenide.commands.Click.execute(Click.java:9)\r\n\tat com.codeborne.selenide.commands.Commands.execute(Commands.java:144)\r\n\tat com.codeborne.selenide.impl.SelenideElementProxy.dispatchAndRetry(SelenideElementProxy.java:99)\r\n\t... 28 more\r\n"},"stage":"finished","steps":[],"attachments":[],"parameters":[],"start":1644916801796,"stop":1644916806334}],"attachments":[],"parameters":[],"start":1644916777353,"stop":1644916806369,"uuid":"da1ff638-5bab-4d73-8a9e-fb37e0a78010","historyId":"4bc3b8596088c64fe94b4e5efe7fd547","fullName":"BywithLogin.buy_someproducts","labels":[{"name":"package","value":"BywithLogin"},{"name":"testClass","value":"BywithLogin"},{"name":"testMethod","value":"buy_someproducts"},{"name":"parentSuite","value":"Default Suite"},{"name":"suite","value":"Veli.store"},{"name":"subSuite","value":"BywithLogin"},{"name":"host","value":"DESKTOP-SBHM82R"},{"name":"thread","value":"15812@DESKTOP-SBHM82R.main(1)"},{"name":"framework","value":"testng"},{"name":"language","value":"java"},{"name":"severity","value":"critical"}],"links":[]}